<?xml version="1.0" encoding="UTF-8"?>
<testsuites>
  <testsuite name="metadata" timestamp="2025-06-27T08:04:28Z" hostname="1ddef5f9d814" tests="20" skipped="0" failures="0" errors="0" time="8.771">
    <testcase time="0.308" classname="metadata" name="metadata_matches_radsl"/>
    <testcase time="0.31" classname="metadata" name="metadata_matches_radab"/>
    <testcase time="0.402" classname="metadata" name="metadata_matches_radae"/>
    <testcase time="0.379" classname="metadata" name="metadata_matches_radaette"/>
    <testcase time="0.281" classname="metadata" name="metadata_matches_radcm"/>
    <testcase time="0.211" classname="metadata" name="metadata_matches_raddv"/>
    <testcase time="0.677" classname="metadata" name="metadata_matches_radeg"/>
    <testcase time="0.657" classname="metadata" name="metadata_matches_radex"/>
    <testcase time="0.272" classname="metadata" name="metadata_matches_radhy"/>
    <testcase time="0.629" classname="metadata" name="metadata_matches_radlb"/>
    <testcase time="0.321" classname="metadata" name="metadata_matches_radmh"/>
    <testcase time="0.193000000000001" classname="metadata" name="metadata_matches_radpc"/>
    <testcase time="0.177" classname="metadata" name="metadata_matches_radpp"/>
    <testcase time="1.725" classname="metadata" name="metadata_matches_radqlqc"/>
    <testcase time="0.475" classname="metadata" name="metadata_matches_radqs"/>
    <testcase time="0.317" classname="metadata" name="metadata_matches_radrs"/>
    <testcase time="0.209000000000001" classname="metadata" name="metadata_matches_radsub"/>
    <testcase time="0.417" classname="metadata" name="metadata_matches_radtr"/>
    <testcase time="0.292" classname="metadata" name="metadata_matches_radtte"/>
    <testcase time="0.519" classname="metadata" name="metadata_matches_radvs"/>
  </testsuite>
  <testsuite name="rdata" timestamp="2025-06-27T08:04:37Z" hostname="1ddef5f9d814" tests="44" skipped="0" failures="0" errors="0" time="10.945">
    <testcase time="0.0999999999999996" classname="rdata" name="r_data_functions_work"/>
    <testcase time="0.215999999999999" classname="rdata" name="r_data_functions_work"/>
    <testcase time="0.226000000000001" classname="rdata" name="r_data_functions_work"/>
    <testcase time="0.130000000000001" classname="rdata" name="r_data_functions_work"/>
    <testcase time="0.0629999999999988" classname="rdata" name="r_data_functions_work"/>
    <testcase time="0.533000000000001" classname="rdata" name="r_data_functions_work"/>
    <testcase time="0.482999999999999" classname="rdata" name="r_data_functions_work"/>
    <testcase time="0.116" classname="rdata" name="r_data_functions_work"/>
    <testcase time="0.503" classname="rdata" name="r_data_functions_work"/>
    <testcase time="0.156000000000001" classname="rdata" name="r_data_functions_work"/>
    <testcase time="0.0370000000000008" classname="rdata" name="r_data_functions_work"/>
    <testcase time="0.0699999999999985" classname="rdata" name="r_data_functions_work"/>
    <testcase time="0.027000000000001" classname="rdata" name="r_data_functions_work"/>
    <testcase time="1.621" classname="rdata" name="r_data_functions_work"/>
    <testcase time="0.334999999999999" classname="rdata" name="r_data_functions_work"/>
    <testcase time="0.137" classname="rdata" name="r_data_functions_work"/>
    <testcase time="0.227" classname="rdata" name="r_data_functions_work"/>
    <testcase time="0.0559999999999992" classname="rdata" name="r_data_functions_work"/>
    <testcase time="0.201000000000001" classname="rdata" name="r_data_functions_work"/>
    <testcase time="0.214" classname="rdata" name="r_data_functions_work"/>
    <testcase time="0.460999999999999" classname="rdata" name="r_data_functions_work"/>
    <testcase time="0.00900000000000034" classname="rdata" name="r_data_with_cached_TRUE"/>
    <testcase time="0.00500000000000078" classname="rdata" name="r_data_with_cached_TRUE"/>
    <testcase time="0.00499999999999901" classname="rdata" name="r_data_with_cached_TRUE"/>
    <testcase time="0.00600000000000023" classname="rdata" name="r_data_with_cached_TRUE"/>
    <testcase time="0.00200000000000067" classname="rdata" name="r_data_with_cached_TRUE"/>
    <testcase time="0.0220000000000002" classname="rdata" name="r_data_with_cached_TRUE"/>
    <testcase time="0.0120000000000005" classname="rdata" name="r_data_with_cached_TRUE"/>
    <testcase time="0.0249999999999986" classname="rdata" name="r_data_with_cached_TRUE"/>
    <testcase time="0.0170000000000012" classname="rdata" name="r_data_with_cached_TRUE"/>
    <testcase time="0.00399999999999956" classname="rdata" name="r_data_with_cached_TRUE"/>
    <testcase time="0.0120000000000005" classname="rdata" name="r_data_with_cached_TRUE"/>
    <testcase time="0.00199999999999889" classname="rdata" name="r_data_with_cached_TRUE"/>
    <testcase time="0.0820000000000007" classname="rdata" name="r_data_with_cached_TRUE"/>
    <testcase time="0.0169999999999995" classname="rdata" name="r_data_with_cached_TRUE"/>
    <testcase time="0.00600000000000023" classname="rdata" name="r_data_with_cached_TRUE"/>
    <testcase time="0.00500000000000078" classname="rdata" name="r_data_with_cached_TRUE"/>
    <testcase time="0.00699999999999967" classname="rdata" name="r_data_with_cached_TRUE"/>
    <testcase time="0.00499999999999901" classname="rdata" name="r_data_with_cached_TRUE"/>
    <testcase time="0.0259999999999998" classname="rdata" name="r_data_with_cached_TRUE"/>
    <testcase time="0.155000000000001" classname="rdata" name="seed_works"/>
    <testcase time="1.191" classname="rdata" name="radsl_works_with_large_N"/>
    <testcase time="0.00799999999999912" classname="rdata" name="radsl_has_no_LSTALVDT_greater_than_DTHDT"/>
    <testcase time="3.41" classname="rdata" name="radcm_works_with_who_coding_TRUE"/>
  </testsuite>
  <testsuite name="row_values" timestamp="2025-06-27T08:04:48Z" hostname="1ddef5f9d814" tests="21" skipped="21" failures="0" errors="0" time="8.736">
    <testcase time="0.380000000000003" classname="row_values" name="radsl_produces_expected_values">
      <skipped message="Reason: On CRAN ('test-row_values.R:9:3')"/>
    </testcase>
    <testcase time="0.395" classname="row_values" name="radae_produces_expected_values">
      <skipped message="Reason: On CRAN ('test-row_values.R:19:3')"/>
    </testcase>
    <testcase time="0.350999999999999" classname="row_values" name="radaette_produces_expected_values">
      <skipped message="Reason: On CRAN ('test-row_values.R:29:3')"/>
    </testcase>
    <testcase time="0.266000000000002" classname="row_values" name="radcm_produces_expected_values">
      <skipped message="Reason: On CRAN ('test-row_values.R:39:3')"/>
    </testcase>
    <testcase time="0.174999999999997" classname="row_values" name="raddv_produces_expected_values">
      <skipped message="Reason: On CRAN ('test-row_values.R:49:3')"/>
    </testcase>
    <testcase time="0.709" classname="row_values" name="radeg_produces_expected_values">
      <skipped message="Reason: On CRAN ('test-row_values.R:59:3')"/>
    </testcase>
    <testcase time="0.633000000000003" classname="row_values" name="radex_produces_expected_values">
      <skipped message="Reason: On CRAN ('test-row_values.R:69:3')"/>
    </testcase>
    <testcase time="0.268000000000001" classname="row_values" name="radhy_produces_expected_values">
      <skipped message="Reason: On CRAN ('test-row_values.R:79:3')"/>
    </testcase>
    <testcase time="0.692999999999998" classname="row_values" name="radlb_produces_expected_values">
      <skipped message="Reason: On CRAN ('test-row_values.R:89:3')"/>
    </testcase>
    <testcase time="0.280000000000001" classname="row_values" name="radmh_produces_expected_values">
      <skipped message="Reason: On CRAN ('test-row_values.R:99:3')"/>
    </testcase>
    <testcase time="0.137999999999998" classname="row_values" name="radpc_produces_expected_values">
      <skipped message="Reason: On CRAN ('test-row_values.R:107:3')"/>
    </testcase>
    <testcase time="0.131" classname="row_values" name="radab_produces_expected_values">
      <skipped message="Reason: On CRAN ('test-row_values.R:117:3')"/>
    </testcase>
    <testcase time="0.0570000000000022" classname="row_values" name="radpp_produces_expected_values">
      <skipped message="Reason: On CRAN ('test-row_values.R:127:3')"/>
    </testcase>
    <testcase time="1.859" classname="row_values" name="radqlqc_produces_expected_values">
      <skipped message="Reason: On CRAN ('test-row_values.R:137:3')"/>
    </testcase>
    <testcase time="0.473000000000003" classname="row_values" name="radqs_produces_expected_values">
      <skipped message="Reason: On CRAN ('test-row_values.R:147:3')"/>
    </testcase>
    <testcase time="0.244999999999997" classname="row_values" name="radrs_produces_expected_values">
      <skipped message="Reason: On CRAN ('test-row_values.R:157:3')"/>
    </testcase>
    <testcase time="0.335000000000001" classname="row_values" name="radsaftte_produces_expected_values">
      <skipped message="Reason: On CRAN ('test-row_values.R:167:3')"/>
    </testcase>
    <testcase time="0.164000000000001" classname="row_values" name="radsub_produces_expected_values">
      <skipped message="Reason: On CRAN ('test-row_values.R:177:3')"/>
    </testcase>
    <testcase time="0.225999999999999" classname="row_values" name="radtr_produces_expected_values">
      <skipped message="Reason: On CRAN ('test-row_values.R:187:3')"/>
    </testcase>
    <testcase time="0.326000000000001" classname="row_values" name="radtte_produces_expected_values">
      <skipped message="Reason: On CRAN ('test-row_values.R:197:3')"/>
    </testcase>
    <testcase time="0.631999999999998" classname="row_values" name="radvs_produces_expected_values">
      <skipped message="Reason: On CRAN ('test-row_values.R:207:3')"/>
    </testcase>
  </testsuite>
  <testsuite name="utils" timestamp="2025-06-27T08:04:57Z" hostname="1ddef5f9d814" tests="21" skipped="0" failures="0" errors="0" time="0.236">
    <testcase time="0.0340000000000025" classname="utils" name="get_cached_data_returns_correct_error_message"/>
    <testcase time="0.00600000000000023" classname="utils" name="sample_fct_works_as_expected"/>
    <testcase time="0.00499999999999901" classname="utils" name="relvar_init_works_as_expected"/>
    <testcase time="0.00799999999999912" classname="utils" name="relvar_init_returns_correct_error_message"/>
    <testcase time="0.00700000000000145" classname="utils" name="rel_var_works_as_expected"/>
    <testcase time="0.00300000000000011" classname="utils" name="rel_var_works_as_expected"/>
    <testcase time="0.0069999999999979" classname="utils" name="visit_schedule_works_with_WEEK_visit_format"/>
    <testcase time="0.00600000000000023" classname="utils" name="visit_schedule_works_with_CycLe_visit_format"/>
    <testcase time="0.100999999999999" classname="utils" name="retain_works_as_expected"/>
    <testcase time="0.00600000000000023" classname="utils" name="rcd_var_relabel_works_as_expected"/>
    <testcase time="0.00800000000000267" classname="utils" name="rcd_var_relabel_returns_correct_error_message"/>
    <testcase time="0.00600000000000023" classname="utils" name="replace_na_works_as_expected"/>
    <testcase time="0.00299999999999656" classname="utils" name="replace_na_works_as_expected"/>
    <testcase time="0.00900000000000034" classname="utils" name="mutate_na_works_as_expected"/>
    <testcase time="0.00300000000000011" classname="utils" name="mutate_na_works_as_expected"/>
    <testcase time="0.00300000000000011" classname="utils" name="mutate_na_works_as_expected"/>
    <testcase time="0.00200000000000244" classname="utils" name="mutate_na_works_as_expected"/>
    <testcase time="0.00600000000000023" classname="utils" name="rtpois_works_as_expected"/>
    <testcase time="0.00600000000000023" classname="utils" name="rtexp_works_as_expected"/>
    <testcase time="0.00399999999999778" classname="utils" name="rtexp_works_as_expected"/>
    <testcase time="0.00300000000000011" classname="utils" name="rtexp_works_as_expected"/>
  </testsuite>
  <testsuite name="utils_dim_control_and_checks" timestamp="2025-06-27T08:04:57Z" hostname="1ddef5f9d814" tests="25" skipped="0" failures="0" errors="1" time="0.481">
    <testcase time="0.0150000000000006" classname="utils_dim_control_and_checks" name="Checking_that_levels_are_reduced_correctly_for_multiple_variables_with_defaults"/>
    <testcase time="0.00300000000000011" classname="utils_dim_control_and_checks" name="Checking_that_levels_are_reduced_correctly_for_multiple_variables_with_defaults"/>
    <testcase time="0.209" classname="utils_dim_control_and_checks" name="reduce_num_levels_in_df_explorative_TRUE_Plots_are_returned"/>
    <testcase time="0.00300000000000011" classname="utils_dim_control_and_checks" name="reduce_num_levels_in_df_explorative_TRUE_Plots_are_returned"/>
    <testcase time="0.0429999999999993" classname="utils_dim_control_and_checks" name="reduce_num_levels_in_df_explorative_TRUE_Plots_are_returned"/>
    <testcase time="0.00400000000000134" classname="utils_dim_control_and_checks" name="reduce_num_levels_in_df_explorative_TRUE_Plots_are_returned"/>
    <testcase time="0.0410000000000004" classname="utils_dim_control_and_checks" name="reduce_num_levels_in_df_explorative_TRUE_Plots_are_returned"/>
    <testcase time="0.00300000000000011" classname="utils_dim_control_and_checks" name="reduce_num_levels_in_df_explorative_TRUE_Plots_are_returned"/>
    <testcase time="0.0449999999999982" classname="utils_dim_control_and_checks" name="reduce_num_levels_in_df_explorative_TRUE_Plots_are_returned"/>
    <testcase time="0.00300000000000011" classname="utils_dim_control_and_checks" name="reduce_num_levels_in_df_explorative_TRUE_Plots_are_returned"/>
    <testcase time="0.0120000000000005" classname="utils_dim_control_and_checks" name="reduce_num_levels_in_df_num_max_values_works"/>
    <testcase time="0.00300000000000011" classname="utils_dim_control_and_checks" name="reduce_num_levels_in_df_num_max_values_works"/>
    <testcase time="0.0130000000000017" classname="utils_dim_control_and_checks" name="reduce_num_levels_in_df_num_max_values_num_of_rare_values_works"/>
    <testcase time="0.00300000000000011" classname="utils_dim_control_and_checks" name="reduce_num_levels_in_df_num_max_values_num_of_rare_values_works"/>
    <testcase time="0.00299999999999656" classname="utils_dim_control_and_checks" name="reduce_num_levels_in_df_num_max_values_num_of_rare_values_works"/>
    <testcase time="0.00500000000000256" classname="utils_dim_control_and_checks" name="reduce_num_levels_in_df_num_max_values_num_of_rare_values_works"/>
    <testcase time="0.0129999999999981" classname="utils_dim_control_and_checks" name="reduce_num_levels_in_df_add_specific_value_works"/>
    <testcase time="0.00300000000000011" classname="utils_dim_control_and_checks" name="reduce_num_levels_in_df_add_specific_value_works"/>
    <testcase time="0.00300000000000011" classname="utils_dim_control_and_checks" name="reduce_num_levels_in_df_add_specific_value_works"/>
    <testcase time="0.00400000000000134" classname="utils_dim_control_and_checks" name="reduce_num_levels_in_df_add_specific_value_works"/>
    <testcase time="0.0300000000000011" classname="utils_dim_control_and_checks" name="reduce_num_levels_in_df_add_specific_value_works"/>
    <testcase time="0.00299999999999656" classname="utils_dim_control_and_checks" name="reduce_num_levels_in_df_add_specific_value_works"/>
    <testcase time="0.00300000000000011" classname="utils_dim_control_and_checks" name="reduce_num_levels_in_df_add_specific_value_works"/>
    <testcase time="0.00600000000000023" classname="utils_dim_control_and_checks" name="reduce_num_levels_in_df_add_specific_value_works"/>
    <testcase time="0.00800000000000267" classname="utils_dim_control_and_checks" name="describe_cols_df_works">
      <error type="error" message="&lt;packageNotFoundError/error/condition&gt; ('test-utils_dim_control_and_checks.R:89:3')">&lt;packageNotFoundError/error/condition&gt;
Error in `loadNamespace(x)`: there is no package called 'formatters'
Backtrace:
    x
 1. +-testthat::expect_equal(describe_cols(adae)$col.name, colnames(adae)) at test-utils_dim_control_and_checks.R:89:3
 2. | \-testthat::quasi_label(enquo(object), label, arg = "object")
 3. |   \-rlang::eval_bare(expr, quo_get_env(quo))
 4. +-random.cdisc.data::describe_cols(adae)
 5. \-base::loadNamespace(x)
 6.   \-base::withRestarts(stop(cond), retry_loadNamespace = function() NULL)
 7.     \-base (local) withOneRestart(expr, restarts[[1L]])
 8.       \-base (local) doWithOneRestart(return(expr), restart)</error>
    </testcase>
  </testsuite>
</testsuites>
