<?xml version="1.0" encoding="UTF-8"?>
<testsuites>
  <testsuite name="metadata" timestamp="2025-06-27T08:04:06Z" hostname="45cff5eef951" tests="20" skipped="0" failures="0" errors="0" time="8.962">
    <testcase time="0.329" classname="metadata" name="metadata_matches_radsl"/>
    <testcase time="0.364" classname="metadata" name="metadata_matches_radab"/>
    <testcase time="0.399" classname="metadata" name="metadata_matches_radae"/>
    <testcase time="0.387" classname="metadata" name="metadata_matches_radaette"/>
    <testcase time="0.286" classname="metadata" name="metadata_matches_radcm"/>
    <testcase time="0.221" classname="metadata" name="metadata_matches_raddv"/>
    <testcase time="0.686" classname="metadata" name="metadata_matches_radeg"/>
    <testcase time="0.662" classname="metadata" name="metadata_matches_radex"/>
    <testcase time="0.28" classname="metadata" name="metadata_matches_radhy"/>
    <testcase time="0.652" classname="metadata" name="metadata_matches_radlb"/>
    <testcase time="0.317" classname="metadata" name="metadata_matches_radmh"/>
    <testcase time="0.198" classname="metadata" name="metadata_matches_radpc"/>
    <testcase time="0.181999999999999" classname="metadata" name="metadata_matches_radpp"/>
    <testcase time="1.752" classname="metadata" name="metadata_matches_radqlqc"/>
    <testcase time="0.477" classname="metadata" name="metadata_matches_radqs"/>
    <testcase time="0.318000000000001" classname="metadata" name="metadata_matches_radrs"/>
    <testcase time="0.209999999999999" classname="metadata" name="metadata_matches_radsub"/>
    <testcase time="0.428000000000001" classname="metadata" name="metadata_matches_radtr"/>
    <testcase time="0.292" classname="metadata" name="metadata_matches_radtte"/>
    <testcase time="0.522" classname="metadata" name="metadata_matches_radvs"/>
  </testsuite>
  <testsuite name="rdata" timestamp="2025-06-27T08:04:15Z" hostname="45cff5eef951" tests="44" skipped="0" failures="0" errors="0" time="11.106">
    <testcase time="0.0990000000000002" classname="rdata" name="r_data_functions_work"/>
    <testcase time="0.218999999999999" classname="rdata" name="r_data_functions_work"/>
    <testcase time="0.225" classname="rdata" name="r_data_functions_work"/>
    <testcase time="0.132" classname="rdata" name="r_data_functions_work"/>
    <testcase time="0.0630000000000006" classname="rdata" name="r_data_functions_work"/>
    <testcase time="0.541" classname="rdata" name="r_data_functions_work"/>
    <testcase time="0.49" classname="rdata" name="r_data_functions_work"/>
    <testcase time="0.115" classname="rdata" name="r_data_functions_work"/>
    <testcase time="0.513" classname="rdata" name="r_data_functions_work"/>
    <testcase time="0.16" classname="rdata" name="r_data_functions_work"/>
    <testcase time="0.036999999999999" classname="rdata" name="r_data_functions_work"/>
    <testcase time="0.0709999999999997" classname="rdata" name="r_data_functions_work"/>
    <testcase time="0.027000000000001" classname="rdata" name="r_data_functions_work"/>
    <testcase time="1.644" classname="rdata" name="r_data_functions_work"/>
    <testcase time="0.343999999999999" classname="rdata" name="r_data_functions_work"/>
    <testcase time="0.142000000000001" classname="rdata" name="r_data_functions_work"/>
    <testcase time="0.241999999999999" classname="rdata" name="r_data_functions_work"/>
    <testcase time="0.0620000000000012" classname="rdata" name="r_data_functions_work"/>
    <testcase time="0.235999999999999" classname="rdata" name="r_data_functions_work"/>
    <testcase time="0.224" classname="rdata" name="r_data_functions_work"/>
    <testcase time="0.475" classname="rdata" name="r_data_functions_work"/>
    <testcase time="0.00900000000000034" classname="rdata" name="r_data_with_cached_TRUE"/>
    <testcase time="0.00500000000000078" classname="rdata" name="r_data_with_cached_TRUE"/>
    <testcase time="0.00599999999999845" classname="rdata" name="r_data_with_cached_TRUE"/>
    <testcase time="0.00700000000000145" classname="rdata" name="r_data_with_cached_TRUE"/>
    <testcase time="0.00199999999999889" classname="rdata" name="r_data_with_cached_TRUE"/>
    <testcase time="0.0229999999999997" classname="rdata" name="r_data_with_cached_TRUE"/>
    <testcase time="0.0130000000000017" classname="rdata" name="r_data_with_cached_TRUE"/>
    <testcase time="0.0239999999999991" classname="rdata" name="r_data_with_cached_TRUE"/>
    <testcase time="0.0180000000000007" classname="rdata" name="r_data_with_cached_TRUE"/>
    <testcase time="0.00499999999999901" classname="rdata" name="r_data_with_cached_TRUE"/>
    <testcase time="0.011000000000001" classname="rdata" name="r_data_with_cached_TRUE"/>
    <testcase time="0.00199999999999889" classname="rdata" name="r_data_with_cached_TRUE"/>
    <testcase time="0.0839999999999996" classname="rdata" name="r_data_with_cached_TRUE"/>
    <testcase time="0.0190000000000001" classname="rdata" name="r_data_with_cached_TRUE"/>
    <testcase time="0.00600000000000023" classname="rdata" name="r_data_with_cached_TRUE"/>
    <testcase time="0.00500000000000078" classname="rdata" name="r_data_with_cached_TRUE"/>
    <testcase time="0.00799999999999912" classname="rdata" name="r_data_with_cached_TRUE"/>
    <testcase time="0.00400000000000134" classname="rdata" name="r_data_with_cached_TRUE"/>
    <testcase time="0.0259999999999998" classname="rdata" name="r_data_with_cached_TRUE"/>
    <testcase time="0.158999999999999" classname="rdata" name="seed_works"/>
    <testcase time="1.212" classname="rdata" name="radsl_works_with_large_N"/>
    <testcase time="0.00799999999999912" classname="rdata" name="radsl_has_no_LSTALVDT_greater_than_DTHDT"/>
    <testcase time="3.389" classname="rdata" name="radcm_works_with_who_coding_TRUE"/>
  </testsuite>
  <testsuite name="row_values" timestamp="2025-06-27T08:04:26Z" hostname="45cff5eef951" tests="42" skipped="0" failures="0" errors="0" time="11.789">
    <testcase time="0.408999999999999" classname="row_values" name="radsl_produces_expected_values"/>
    <testcase time="0.113" classname="row_values" name="radsl_produces_expected_values"/>
    <testcase time="0.393000000000001" classname="row_values" name="radae_produces_expected_values"/>
    <testcase time="0.155000000000001" classname="row_values" name="radae_produces_expected_values"/>
    <testcase time="0.354999999999997" classname="row_values" name="radaette_produces_expected_values"/>
    <testcase time="0.126000000000001" classname="row_values" name="radaette_produces_expected_values"/>
    <testcase time="0.280000000000001" classname="row_values" name="radcm_produces_expected_values"/>
    <testcase time="0.149999999999999" classname="row_values" name="radcm_produces_expected_values"/>
    <testcase time="0.184999999999999" classname="row_values" name="raddv_produces_expected_values"/>
    <testcase time="0.115000000000002" classname="row_values" name="raddv_produces_expected_values"/>
    <testcase time="0.734999999999999" classname="row_values" name="radeg_produces_expected_values"/>
    <testcase time="0.166" classname="row_values" name="radeg_produces_expected_values"/>
    <testcase time="0.654999999999998" classname="row_values" name="radex_produces_expected_values"/>
    <testcase time="0.152000000000001" classname="row_values" name="radex_produces_expected_values"/>
    <testcase time="0.283000000000001" classname="row_values" name="radhy_produces_expected_values"/>
    <testcase time="0.137999999999998" classname="row_values" name="radhy_produces_expected_values"/>
    <testcase time="0.816000000000003" classname="row_values" name="radlb_produces_expected_values"/>
    <testcase time="0.180999999999997" classname="row_values" name="radlb_produces_expected_values"/>
    <testcase time="0.289000000000001" classname="row_values" name="radmh_produces_expected_values"/>
    <testcase time="0.120999999999999" classname="row_values" name="radmh_produces_expected_values"/>
    <testcase time="0.146000000000001" classname="row_values" name="radpc_produces_expected_values"/>
    <testcase time="0.132000000000001" classname="row_values" name="radpc_produces_expected_values"/>
    <testcase time="0.143999999999998" classname="row_values" name="radab_produces_expected_values"/>
    <testcase time="0.0570000000000022" classname="row_values" name="radab_produces_expected_values"/>
    <testcase time="0.0619999999999976" classname="row_values" name="radpp_produces_expected_values"/>
    <testcase time="0.0300000000000011" classname="row_values" name="radpp_produces_expected_values"/>
    <testcase time="1.836" classname="row_values" name="radqlqc_produces_expected_values"/>
    <testcase time="0.109999999999999" classname="row_values" name="radqlqc_produces_expected_values"/>
    <testcase time="0.505000000000003" classname="row_values" name="radqs_produces_expected_values"/>
    <testcase time="0.140999999999998" classname="row_values" name="radqs_produces_expected_values"/>
    <testcase time="0.271000000000001" classname="row_values" name="radrs_produces_expected_values"/>
    <testcase time="0.125" classname="row_values" name="radrs_produces_expected_values"/>
    <testcase time="0.355" classname="row_values" name="radsaftte_produces_expected_values"/>
    <testcase time="0.126999999999999" classname="row_values" name="radsaftte_produces_expected_values"/>
    <testcase time="0.18" classname="row_values" name="radsub_produces_expected_values"/>
    <testcase time="0.138000000000002" classname="row_values" name="radsub_produces_expected_values"/>
    <testcase time="0.251000000000001" classname="row_values" name="radtr_produces_expected_values"/>
    <testcase time="0.0409999999999968" classname="row_values" name="radtr_produces_expected_values"/>
    <testcase time="0.352" classname="row_values" name="radtte_produces_expected_values"/>
    <testcase time="0.131" classname="row_values" name="radtte_produces_expected_values"/>
    <testcase time="0.664999999999999" classname="row_values" name="radvs_produces_expected_values"/>
    <testcase time="0.173000000000002" classname="row_values" name="radvs_produces_expected_values"/>
  </testsuite>
  <testsuite name="utils" timestamp="2025-06-27T08:04:38Z" hostname="45cff5eef951" tests="21" skipped="0" failures="0" errors="0" time="0.222">
    <testcase time="0.0240000000000009" classname="utils" name="get_cached_data_returns_correct_error_message"/>
    <testcase time="0.00600000000000023" classname="utils" name="sample_fct_works_as_expected"/>
    <testcase time="0.00499999999999545" classname="utils" name="relvar_init_works_as_expected"/>
    <testcase time="0.0069999999999979" classname="utils" name="relvar_init_returns_correct_error_message"/>
    <testcase time="0.0069999999999979" classname="utils" name="rel_var_works_as_expected"/>
    <testcase time="0.00300000000000011" classname="utils" name="rel_var_works_as_expected"/>
    <testcase time="0.007000000000005" classname="utils" name="visit_schedule_works_with_WEEK_visit_format"/>
    <testcase time="0.0069999999999979" classname="utils" name="visit_schedule_works_with_CycLe_visit_format"/>
    <testcase time="0.097999999999999" classname="utils" name="retain_works_as_expected"/>
    <testcase time="0.00600000000000023" classname="utils" name="rcd_var_relabel_works_as_expected"/>
    <testcase time="0.00800000000000267" classname="utils" name="rcd_var_relabel_returns_correct_error_message"/>
    <testcase time="0.00600000000000023" classname="utils" name="replace_na_works_as_expected"/>
    <testcase time="0.00199999999999534" classname="utils" name="replace_na_works_as_expected"/>
    <testcase time="0.0100000000000051" classname="utils" name="mutate_na_works_as_expected"/>
    <testcase time="0.00199999999999534" classname="utils" name="mutate_na_works_as_expected"/>
    <testcase time="0.00199999999999534" classname="utils" name="mutate_na_works_as_expected"/>
    <testcase time="0.00300000000000011" classname="utils" name="mutate_na_works_as_expected"/>
    <testcase time="0.00600000000000023" classname="utils" name="rtpois_works_as_expected"/>
    <testcase time="0.00600000000000023" classname="utils" name="rtexp_works_as_expected"/>
    <testcase time="0.00399999999999778" classname="utils" name="rtexp_works_as_expected"/>
    <testcase time="0.00300000000000011" classname="utils" name="rtexp_works_as_expected"/>
  </testsuite>
  <testsuite name="utils_dim_control_and_checks" timestamp="2025-06-27T08:04:38Z" hostname="45cff5eef951" tests="25" skipped="0" failures="0" errors="1" time="0.716">
    <testcase time="0.0160000000000053" classname="utils_dim_control_and_checks" name="Checking_that_levels_are_reduced_correctly_for_multiple_variables_with_defaults"/>
    <testcase time="0.00999999999999801" classname="utils_dim_control_and_checks" name="Checking_that_levels_are_reduced_correctly_for_multiple_variables_with_defaults"/>
    <testcase time="0.209000000000003" classname="utils_dim_control_and_checks" name="reduce_num_levels_in_df_explorative_TRUE_Plots_are_returned"/>
    <testcase time="0.00399999999999778" classname="utils_dim_control_and_checks" name="reduce_num_levels_in_df_explorative_TRUE_Plots_are_returned"/>
    <testcase time="0.0480000000000018" classname="utils_dim_control_and_checks" name="reduce_num_levels_in_df_explorative_TRUE_Plots_are_returned"/>
    <testcase time="0.00399999999999778" classname="utils_dim_control_and_checks" name="reduce_num_levels_in_df_explorative_TRUE_Plots_are_returned"/>
    <testcase time="0.0420000000000016" classname="utils_dim_control_and_checks" name="reduce_num_levels_in_df_explorative_TRUE_Plots_are_returned"/>
    <testcase time="0.00300000000000011" classname="utils_dim_control_and_checks" name="reduce_num_levels_in_df_explorative_TRUE_Plots_are_returned"/>
    <testcase time="0.0499999999999972" classname="utils_dim_control_and_checks" name="reduce_num_levels_in_df_explorative_TRUE_Plots_are_returned"/>
    <testcase time="0.00300000000000011" classname="utils_dim_control_and_checks" name="reduce_num_levels_in_df_explorative_TRUE_Plots_are_returned"/>
    <testcase time="0.0120000000000005" classname="utils_dim_control_and_checks" name="reduce_num_levels_in_df_num_max_values_works"/>
    <testcase time="0.00300000000000011" classname="utils_dim_control_and_checks" name="reduce_num_levels_in_df_num_max_values_works"/>
    <testcase time="0.0150000000000006" classname="utils_dim_control_and_checks" name="reduce_num_levels_in_df_num_max_values_num_of_rare_values_works"/>
    <testcase time="0.00300000000000011" classname="utils_dim_control_and_checks" name="reduce_num_levels_in_df_num_max_values_num_of_rare_values_works"/>
    <testcase time="0.00300000000000011" classname="utils_dim_control_and_checks" name="reduce_num_levels_in_df_num_max_values_num_of_rare_values_works"/>
    <testcase time="0.0289999999999964" classname="utils_dim_control_and_checks" name="reduce_num_levels_in_df_num_max_values_num_of_rare_values_works"/>
    <testcase time="0.0180000000000007" classname="utils_dim_control_and_checks" name="reduce_num_levels_in_df_add_specific_value_works"/>
    <testcase time="0.00300000000000011" classname="utils_dim_control_and_checks" name="reduce_num_levels_in_df_add_specific_value_works"/>
    <testcase time="0.00300000000000011" classname="utils_dim_control_and_checks" name="reduce_num_levels_in_df_add_specific_value_works"/>
    <testcase time="0.00500000000000256" classname="utils_dim_control_and_checks" name="reduce_num_levels_in_df_add_specific_value_works"/>
    <testcase time="0.0229999999999961" classname="utils_dim_control_and_checks" name="reduce_num_levels_in_df_add_specific_value_works"/>
    <testcase time="0.00300000000000011" classname="utils_dim_control_and_checks" name="reduce_num_levels_in_df_add_specific_value_works"/>
    <testcase time="0.00200000000000244" classname="utils_dim_control_and_checks" name="reduce_num_levels_in_df_add_specific_value_works"/>
    <testcase time="0.00500000000000256" classname="utils_dim_control_and_checks" name="reduce_num_levels_in_df_add_specific_value_works"/>
    <testcase time="0.199999999999996" classname="utils_dim_control_and_checks" name="describe_cols_df_works">
      <error type="error" message="Error in `summarise(.tbl, !!!funs)`: i In argument: `TRTEDTM = (structure(function (..., .x = ..1, .y = ..2, . = ..1) ...`. ('test-utils_dim_control_and_checks.R:89:3')">Error in `summarise(.tbl, !!!funs)`: i In argument: `TRTEDTM = (structure(function (..., .x = ..1, .y = ..2, . = ..1) ...`.
Caused by error in `as.POSIXlt.character()`:
! character string is not in a standard unambiguous format
Backtrace:
     x
  1. +-testthat::expect_equal(describe_cols(adae)$col.name, colnames(adae)) at test-utils_dim_control_and_checks.R:89:3
  2. | \-testthat::quasi_label(enquo(object), label, arg = "object")
  3. |   \-rlang::eval_bare(expr, quo_get_env(quo))
  4. +-random.cdisc.data::describe_cols(adae)
  5. | +-... %&gt;% dplyr::mutate(n_empty_levels = n_levels - n_unique)
  6. | +-dplyr::bind_cols(...)
  7. | | \-rlang::list2(...)
  8. | \-... %&gt;% c()
  9. +-dplyr::mutate(., n_empty_levels = n_levels - n_unique)
 10. +-base::t(.)
 11. +-dplyr::summarise_all(., ~sum(is_empty_string(.)))
 12. | +-dplyr::summarise(.tbl, !!!funs)
 13. | \-dplyr:::summarise.data.frame(.tbl, !!!funs)
 14. |   \-dplyr:::summarise_cols(.data, dplyr_quosures(...), by, "summarise")
 15. |     +-base::withCallingHandlers(...)
 16. |     \-dplyr:::map(quosures, summarise_eval_one, mask = mask)
 17. |       \-base::lapply(.x, .f, ...)
 18. |         \-dplyr (local) FUN(X[[i]], ...)
 19. |           \-mask$eval_all_summarise(quo)
 20. |             \-dplyr (local) eval()
 21. +-random.cdisc.data (local) `&lt;inln_cl_&gt;`(TRTEDTM)
 22. | \-rlang::eval_bare(`_quo`, base::parent.frame())
 23. +-rlang (local) sum(is_empty_string(.))
 24. +-random.cdisc.data::is_empty_string(.)
 25. | +-base::`[&lt;-`(`*tmp*`, is.na(column), value = `&lt;chr&gt;`)
 26. | \-base::`[&lt;-.POSIXct`(`*tmp*`, is.na(column), value = `&lt;chr&gt;`)
 27. |   +-base::as.POSIXct(value)
 28. |   \-base::as.POSIXct.default(value)
 29. |     +-base::as.POSIXct(as.POSIXlt(x, tz, ...), tz, ...)
 30. |     +-base::as.POSIXlt(x, tz, ...)
 31. |     \-base::as.POSIXlt.character(x, tz, ...)
 32. |       \-base::stop("character string is not in a standard unambiguous format")
 33. \-base::.handleSimpleError(...)
 34.   \-dplyr (local) h(simpleError(msg, call))
 35.     \-dplyr (local) handler(cnd)
 36.       \-rlang::abort(message, class = error_class, parent = parent, call = error_call)</error>
    </testcase>
  </testsuite>
</testsuites>
