<?xml version="1.0" encoding="UTF-8"?>
<testsuites>
  <testsuite name="metadata" timestamp="2025-05-19T07:11:11Z" hostname="0aa11ca9df3f" tests="20" skipped="0" failures="0" errors="0" time="8.839">
    <testcase time="0.316" classname="metadata" name="metadata_matches_radsl"/>
    <testcase time="0.315" classname="metadata" name="metadata_matches_radab"/>
    <testcase time="0.385" classname="metadata" name="metadata_matches_radae"/>
    <testcase time="0.379" classname="metadata" name="metadata_matches_radaette"/>
    <testcase time="0.284" classname="metadata" name="metadata_matches_radcm"/>
    <testcase time="0.217" classname="metadata" name="metadata_matches_raddv"/>
    <testcase time="0.681" classname="metadata" name="metadata_matches_radeg"/>
    <testcase time="0.657" classname="metadata" name="metadata_matches_radex"/>
    <testcase time="0.278" classname="metadata" name="metadata_matches_radhy"/>
    <testcase time="0.637" classname="metadata" name="metadata_matches_radlb"/>
    <testcase time="0.31" classname="metadata" name="metadata_matches_radmh"/>
    <testcase time="0.192" classname="metadata" name="metadata_matches_radpc"/>
    <testcase time="0.179" classname="metadata" name="metadata_matches_radpp"/>
    <testcase time="1.755" classname="metadata" name="metadata_matches_radqlqc"/>
    <testcase time="0.475000000000001" classname="metadata" name="metadata_matches_radqs"/>
    <testcase time="0.323" classname="metadata" name="metadata_matches_radrs"/>
    <testcase time="0.210999999999999" classname="metadata" name="metadata_matches_radsub"/>
    <testcase time="0.428000000000001" classname="metadata" name="metadata_matches_radtr"/>
    <testcase time="0.295" classname="metadata" name="metadata_matches_radtte"/>
    <testcase time="0.522" classname="metadata" name="metadata_matches_radvs"/>
  </testsuite>
  <testsuite name="rdata" timestamp="2025-05-19T07:11:20Z" hostname="0aa11ca9df3f" tests="44" skipped="0" failures="0" errors="0" time="11.194">
    <testcase time="0.100999999999999" classname="rdata" name="r_data_functions_work"/>
    <testcase time="0.221" classname="rdata" name="r_data_functions_work"/>
    <testcase time="0.231" classname="rdata" name="r_data_functions_work"/>
    <testcase time="0.135" classname="rdata" name="r_data_functions_work"/>
    <testcase time="0.0660000000000007" classname="rdata" name="r_data_functions_work"/>
    <testcase time="0.545" classname="rdata" name="r_data_functions_work"/>
    <testcase time="0.496" classname="rdata" name="r_data_functions_work"/>
    <testcase time="0.115" classname="rdata" name="r_data_functions_work"/>
    <testcase time="0.522" classname="rdata" name="r_data_functions_work"/>
    <testcase time="0.163" classname="rdata" name="r_data_functions_work"/>
    <testcase time="0.0379999999999985" classname="rdata" name="r_data_functions_work"/>
    <testcase time="0.077" classname="rdata" name="r_data_functions_work"/>
    <testcase time="0.0300000000000011" classname="rdata" name="r_data_functions_work"/>
    <testcase time="1.686" classname="rdata" name="r_data_functions_work"/>
    <testcase time="0.337999999999999" classname="rdata" name="r_data_functions_work"/>
    <testcase time="0.142000000000001" classname="rdata" name="r_data_functions_work"/>
    <testcase time="0.239999999999998" classname="rdata" name="r_data_functions_work"/>
    <testcase time="0.0600000000000005" classname="rdata" name="r_data_functions_work"/>
    <testcase time="0.218" classname="rdata" name="r_data_functions_work"/>
    <testcase time="0.222" classname="rdata" name="r_data_functions_work"/>
    <testcase time="0.467000000000001" classname="rdata" name="r_data_functions_work"/>
    <testcase time="0.00900000000000034" classname="rdata" name="r_data_with_cached_TRUE"/>
    <testcase time="0.00500000000000078" classname="rdata" name="r_data_with_cached_TRUE"/>
    <testcase time="0.00499999999999901" classname="rdata" name="r_data_with_cached_TRUE"/>
    <testcase time="0.00699999999999967" classname="rdata" name="r_data_with_cached_TRUE"/>
    <testcase time="0.00200000000000067" classname="rdata" name="r_data_with_cached_TRUE"/>
    <testcase time="0.020999999999999" classname="rdata" name="r_data_with_cached_TRUE"/>
    <testcase time="0.0130000000000017" classname="rdata" name="r_data_with_cached_TRUE"/>
    <testcase time="0.0249999999999986" classname="rdata" name="r_data_with_cached_TRUE"/>
    <testcase time="0.0170000000000012" classname="rdata" name="r_data_with_cached_TRUE"/>
    <testcase time="0.00399999999999956" classname="rdata" name="r_data_with_cached_TRUE"/>
    <testcase time="0.0120000000000005" classname="rdata" name="r_data_with_cached_TRUE"/>
    <testcase time="0.00199999999999889" classname="rdata" name="r_data_with_cached_TRUE"/>
    <testcase time="0.0850000000000009" classname="rdata" name="r_data_with_cached_TRUE"/>
    <testcase time="0.0190000000000001" classname="rdata" name="r_data_with_cached_TRUE"/>
    <testcase time="0.00600000000000023" classname="rdata" name="r_data_with_cached_TRUE"/>
    <testcase time="0.00499999999999901" classname="rdata" name="r_data_with_cached_TRUE"/>
    <testcase time="0.0080000000000009" classname="rdata" name="r_data_with_cached_TRUE"/>
    <testcase time="0.00499999999999901" classname="rdata" name="r_data_with_cached_TRUE"/>
    <testcase time="0.0259999999999998" classname="rdata" name="r_data_with_cached_TRUE"/>
    <testcase time="0.159000000000001" classname="rdata" name="seed_works"/>
    <testcase time="1.234" classname="rdata" name="radsl_works_with_large_N"/>
    <testcase time="0.00799999999999912" classname="rdata" name="radsl_has_no_LSTALVDT_greater_than_DTHDT"/>
    <testcase time="3.404" classname="rdata" name="radcm_works_with_who_coding_TRUE"/>
  </testsuite>
  <testsuite name="row_values" timestamp="2025-05-19T07:11:31Z" hostname="0aa11ca9df3f" tests="21" skipped="21" failures="0" errors="0" time="8.905">
    <testcase time="0.389000000000003" classname="row_values" name="radsl_produces_expected_values">
      <skipped message="Reason: On CRAN ('test-row_values.R:9:3')"/>
    </testcase>
    <testcase time="0.405999999999999" classname="row_values" name="radae_produces_expected_values">
      <skipped message="Reason: On CRAN ('test-row_values.R:19:3')"/>
    </testcase>
    <testcase time="0.361999999999998" classname="row_values" name="radaette_produces_expected_values">
      <skipped message="Reason: On CRAN ('test-row_values.R:29:3')"/>
    </testcase>
    <testcase time="0.274999999999999" classname="row_values" name="radcm_produces_expected_values">
      <skipped message="Reason: On CRAN ('test-row_values.R:39:3')"/>
    </testcase>
    <testcase time="0.177000000000003" classname="row_values" name="raddv_produces_expected_values">
      <skipped message="Reason: On CRAN ('test-row_values.R:49:3')"/>
    </testcase>
    <testcase time="0.710999999999999" classname="row_values" name="radeg_produces_expected_values">
      <skipped message="Reason: On CRAN ('test-row_values.R:59:3')"/>
    </testcase>
    <testcase time="0.640000000000001" classname="row_values" name="radex_produces_expected_values">
      <skipped message="Reason: On CRAN ('test-row_values.R:69:3')"/>
    </testcase>
    <testcase time="0.274000000000001" classname="row_values" name="radhy_produces_expected_values">
      <skipped message="Reason: On CRAN ('test-row_values.R:79:3')"/>
    </testcase>
    <testcase time="0.704999999999998" classname="row_values" name="radlb_produces_expected_values">
      <skipped message="Reason: On CRAN ('test-row_values.R:89:3')"/>
    </testcase>
    <testcase time="0.283999999999999" classname="row_values" name="radmh_produces_expected_values">
      <skipped message="Reason: On CRAN ('test-row_values.R:99:3')"/>
    </testcase>
    <testcase time="0.144000000000002" classname="row_values" name="radpc_produces_expected_values">
      <skipped message="Reason: On CRAN ('test-row_values.R:107:3')"/>
    </testcase>
    <testcase time="0.132999999999999" classname="row_values" name="radab_produces_expected_values">
      <skipped message="Reason: On CRAN ('test-row_values.R:117:3')"/>
    </testcase>
    <testcase time="0.0569999999999986" classname="row_values" name="radpp_produces_expected_values">
      <skipped message="Reason: On CRAN ('test-row_values.R:127:3')"/>
    </testcase>
    <testcase time="1.907" classname="row_values" name="radqlqc_produces_expected_values">
      <skipped message="Reason: On CRAN ('test-row_values.R:137:3')"/>
    </testcase>
    <testcase time="0.475000000000001" classname="row_values" name="radqs_produces_expected_values">
      <skipped message="Reason: On CRAN ('test-row_values.R:147:3')"/>
    </testcase>
    <testcase time="0.245999999999999" classname="row_values" name="radrs_produces_expected_values">
      <skipped message="Reason: On CRAN ('test-row_values.R:157:3')"/>
    </testcase>
    <testcase time="0.339000000000002" classname="row_values" name="radsaftte_produces_expected_values">
      <skipped message="Reason: On CRAN ('test-row_values.R:167:3')"/>
    </testcase>
    <testcase time="0.166999999999998" classname="row_values" name="radsub_produces_expected_values">
      <skipped message="Reason: On CRAN ('test-row_values.R:177:3')"/>
    </testcase>
    <testcase time="0.25" classname="row_values" name="radtr_produces_expected_values">
      <skipped message="Reason: On CRAN ('test-row_values.R:187:3')"/>
    </testcase>
    <testcase time="0.329000000000001" classname="row_values" name="radtte_produces_expected_values">
      <skipped message="Reason: On CRAN ('test-row_values.R:197:3')"/>
    </testcase>
    <testcase time="0.635000000000002" classname="row_values" name="radvs_produces_expected_values">
      <skipped message="Reason: On CRAN ('test-row_values.R:207:3')"/>
    </testcase>
  </testsuite>
  <testsuite name="utils" timestamp="2025-05-19T07:11:40Z" hostname="0aa11ca9df3f" tests="21" skipped="0" failures="0" errors="0" time="0.239">
    <testcase time="0.0410000000000004" classname="utils" name="get_cached_data_returns_correct_error_message"/>
    <testcase time="0.00600000000000023" classname="utils" name="sample_fct_works_as_expected"/>
    <testcase time="0.00600000000000023" classname="utils" name="relvar_init_works_as_expected"/>
    <testcase time="0.00799999999999912" classname="utils" name="relvar_init_returns_correct_error_message"/>
    <testcase time="0.0069999999999979" classname="utils" name="rel_var_works_as_expected"/>
    <testcase time="0.00300000000000011" classname="utils" name="rel_var_works_as_expected"/>
    <testcase time="0.00700000000000145" classname="utils" name="visit_schedule_works_with_WEEK_visit_format"/>
    <testcase time="0.00600000000000023" classname="utils" name="visit_schedule_works_with_CycLe_visit_format"/>
    <testcase time="0.0970000000000013" classname="utils" name="retain_works_as_expected"/>
    <testcase time="0.00599999999999667" classname="utils" name="rcd_var_relabel_works_as_expected"/>
    <testcase time="0.00800000000000267" classname="utils" name="rcd_var_relabel_returns_correct_error_message"/>
    <testcase time="0.00600000000000023" classname="utils" name="replace_na_works_as_expected"/>
    <testcase time="0.00199999999999889" classname="utils" name="replace_na_works_as_expected"/>
    <testcase time="0.0100000000000016" classname="utils" name="mutate_na_works_as_expected"/>
    <testcase time="0.00199999999999889" classname="utils" name="mutate_na_works_as_expected"/>
    <testcase time="0.00300000000000011" classname="utils" name="mutate_na_works_as_expected"/>
    <testcase time="0.00300000000000011" classname="utils" name="mutate_na_works_as_expected"/>
    <testcase time="0.00499999999999901" classname="utils" name="rtpois_works_as_expected"/>
    <testcase time="0.00600000000000023" classname="utils" name="rtexp_works_as_expected"/>
    <testcase time="0.00300000000000011" classname="utils" name="rtexp_works_as_expected"/>
    <testcase time="0.00399999999999778" classname="utils" name="rtexp_works_as_expected"/>
  </testsuite>
</testsuites>
