<?xml version="1.0" encoding="UTF-8"?>
<testsuites>
  <testsuite name="metadata" timestamp="2025-05-19T07:24:20Z" hostname="2bf052f6f39b" tests="20" skipped="0" failures="0" errors="0" time="8.559">
    <testcase time="0.296" classname="metadata" name="metadata_matches_radsl"/>
    <testcase time="0.301" classname="metadata" name="metadata_matches_radab"/>
    <testcase time="0.375" classname="metadata" name="metadata_matches_radae"/>
    <testcase time="0.368" classname="metadata" name="metadata_matches_radaette"/>
    <testcase time="0.274" classname="metadata" name="metadata_matches_radcm"/>
    <testcase time="0.21" classname="metadata" name="metadata_matches_raddv"/>
    <testcase time="0.664" classname="metadata" name="metadata_matches_radeg"/>
    <testcase time="0.648" classname="metadata" name="metadata_matches_radex"/>
    <testcase time="0.263" classname="metadata" name="metadata_matches_radhy"/>
    <testcase time="0.62" classname="metadata" name="metadata_matches_radlb"/>
    <testcase time="0.302" classname="metadata" name="metadata_matches_radmh"/>
    <testcase time="0.188" classname="metadata" name="metadata_matches_radpc"/>
    <testcase time="0.169" classname="metadata" name="metadata_matches_radpp"/>
    <testcase time="1.69" classname="metadata" name="metadata_matches_radqlqc"/>
    <testcase time="0.458" classname="metadata" name="metadata_matches_radqs"/>
    <testcase time="0.305" classname="metadata" name="metadata_matches_radrs"/>
    <testcase time="0.201000000000001" classname="metadata" name="metadata_matches_radsub"/>
    <testcase time="0.419999999999999" classname="metadata" name="metadata_matches_radtr"/>
    <testcase time="0.290000000000001" classname="metadata" name="metadata_matches_radtte"/>
    <testcase time="0.516999999999999" classname="metadata" name="metadata_matches_radvs"/>
  </testsuite>
  <testsuite name="rdata" timestamp="2025-05-19T07:24:29Z" hostname="2bf052f6f39b" tests="44" skipped="0" failures="0" errors="0" time="10.911">
    <testcase time="0.0969999999999995" classname="rdata" name="r_data_functions_work"/>
    <testcase time="0.215000000000002" classname="rdata" name="r_data_functions_work"/>
    <testcase time="0.225" classname="rdata" name="r_data_functions_work"/>
    <testcase time="0.129999999999999" classname="rdata" name="r_data_functions_work"/>
    <testcase time="0.0640000000000001" classname="rdata" name="r_data_functions_work"/>
    <testcase time="0.534000000000001" classname="rdata" name="r_data_functions_work"/>
    <testcase time="0.481999999999999" classname="rdata" name="r_data_functions_work"/>
    <testcase time="0.115" classname="rdata" name="r_data_functions_work"/>
    <testcase time="0.508000000000001" classname="rdata" name="r_data_functions_work"/>
    <testcase time="0.157" classname="rdata" name="r_data_functions_work"/>
    <testcase time="0.036999999999999" classname="rdata" name="r_data_functions_work"/>
    <testcase time="0.0709999999999997" classname="rdata" name="r_data_functions_work"/>
    <testcase time="0.027000000000001" classname="rdata" name="r_data_functions_work"/>
    <testcase time="1.647" classname="rdata" name="r_data_functions_work"/>
    <testcase time="0.333" classname="rdata" name="r_data_functions_work"/>
    <testcase time="0.141" classname="rdata" name="r_data_functions_work"/>
    <testcase time="0.229999999999999" classname="rdata" name="r_data_functions_work"/>
    <testcase time="0.0549999999999997" classname="rdata" name="r_data_functions_work"/>
    <testcase time="0.207000000000001" classname="rdata" name="r_data_functions_work"/>
    <testcase time="0.214" classname="rdata" name="r_data_functions_work"/>
    <testcase time="0.462" classname="rdata" name="r_data_functions_work"/>
    <testcase time="0.00900000000000034" classname="rdata" name="r_data_with_cached_TRUE"/>
    <testcase time="0.00399999999999956" classname="rdata" name="r_data_with_cached_TRUE"/>
    <testcase time="0.00600000000000023" classname="rdata" name="r_data_with_cached_TRUE"/>
    <testcase time="0.00600000000000023" classname="rdata" name="r_data_with_cached_TRUE"/>
    <testcase time="0.00199999999999889" classname="rdata" name="r_data_with_cached_TRUE"/>
    <testcase time="0.0220000000000002" classname="rdata" name="r_data_with_cached_TRUE"/>
    <testcase time="0.0120000000000005" classname="rdata" name="r_data_with_cached_TRUE"/>
    <testcase time="0.0239999999999991" classname="rdata" name="r_data_with_cached_TRUE"/>
    <testcase time="0.0170000000000012" classname="rdata" name="r_data_with_cached_TRUE"/>
    <testcase time="0.00399999999999956" classname="rdata" name="r_data_with_cached_TRUE"/>
    <testcase time="0.0129999999999999" classname="rdata" name="r_data_with_cached_TRUE"/>
    <testcase time="0.000999999999999446" classname="rdata" name="r_data_with_cached_TRUE"/>
    <testcase time="0.0830000000000002" classname="rdata" name="r_data_with_cached_TRUE"/>
    <testcase time="0.0190000000000001" classname="rdata" name="r_data_with_cached_TRUE"/>
    <testcase time="0.00600000000000023" classname="rdata" name="r_data_with_cached_TRUE"/>
    <testcase time="0.00500000000000078" classname="rdata" name="r_data_with_cached_TRUE"/>
    <testcase time="0.00699999999999967" classname="rdata" name="r_data_with_cached_TRUE"/>
    <testcase time="0.00600000000000023" classname="rdata" name="r_data_with_cached_TRUE"/>
    <testcase time="0.0250000000000004" classname="rdata" name="r_data_with_cached_TRUE"/>
    <testcase time="0.158999999999999" classname="rdata" name="seed_works"/>
    <testcase time="1.189" classname="rdata" name="radsl_works_with_large_N"/>
    <testcase time="0.00700000000000145" classname="rdata" name="radsl_has_no_LSTALVDT_greater_than_DTHDT"/>
    <testcase time="3.334" classname="rdata" name="radcm_works_with_who_coding_TRUE"/>
  </testsuite>
  <testsuite name="row_values" timestamp="2025-05-19T07:24:40Z" hostname="2bf052f6f39b" tests="21" skipped="21" failures="0" errors="0" time="8.724">
    <testcase time="0.390999999999998" classname="row_values" name="radsl_produces_expected_values">
      <skipped message="Reason: On CRAN ('test-row_values.R:9:3')"/>
    </testcase>
    <testcase time="0.385999999999999" classname="row_values" name="radae_produces_expected_values">
      <skipped message="Reason: On CRAN ('test-row_values.R:19:3')"/>
    </testcase>
    <testcase time="0.345000000000002" classname="row_values" name="radaette_produces_expected_values">
      <skipped message="Reason: On CRAN ('test-row_values.R:29:3')"/>
    </testcase>
    <testcase time="0.262" classname="row_values" name="radcm_produces_expected_values">
      <skipped message="Reason: On CRAN ('test-row_values.R:39:3')"/>
    </testcase>
    <testcase time="0.175999999999998" classname="row_values" name="raddv_produces_expected_values">
      <skipped message="Reason: On CRAN ('test-row_values.R:49:3')"/>
    </testcase>
    <testcase time="0.690999999999999" classname="row_values" name="radeg_produces_expected_values">
      <skipped message="Reason: On CRAN ('test-row_values.R:59:3')"/>
    </testcase>
    <testcase time="0.628" classname="row_values" name="radex_produces_expected_values">
      <skipped message="Reason: On CRAN ('test-row_values.R:69:3')"/>
    </testcase>
    <testcase time="0.262" classname="row_values" name="radhy_produces_expected_values">
      <skipped message="Reason: On CRAN ('test-row_values.R:79:3')"/>
    </testcase>
    <testcase time="0.690000000000001" classname="row_values" name="radlb_produces_expected_values">
      <skipped message="Reason: On CRAN ('test-row_values.R:89:3')"/>
    </testcase>
    <testcase time="0.277999999999999" classname="row_values" name="radmh_produces_expected_values">
      <skipped message="Reason: On CRAN ('test-row_values.R:99:3')"/>
    </testcase>
    <testcase time="0.138999999999999" classname="row_values" name="radpc_produces_expected_values">
      <skipped message="Reason: On CRAN ('test-row_values.R:107:3')"/>
    </testcase>
    <testcase time="0.142000000000003" classname="row_values" name="radab_produces_expected_values">
      <skipped message="Reason: On CRAN ('test-row_values.R:117:3')"/>
    </testcase>
    <testcase time="0.0539999999999985" classname="row_values" name="radpp_produces_expected_values">
      <skipped message="Reason: On CRAN ('test-row_values.R:127:3')"/>
    </testcase>
    <testcase time="1.873" classname="row_values" name="radqlqc_produces_expected_values">
      <skipped message="Reason: On CRAN ('test-row_values.R:137:3')"/>
    </testcase>
    <testcase time="0.466999999999999" classname="row_values" name="radqs_produces_expected_values">
      <skipped message="Reason: On CRAN ('test-row_values.R:147:3')"/>
    </testcase>
    <testcase time="0.251000000000001" classname="row_values" name="radrs_produces_expected_values">
      <skipped message="Reason: On CRAN ('test-row_values.R:157:3')"/>
    </testcase>
    <testcase time="0.338999999999999" classname="row_values" name="radsaftte_produces_expected_values">
      <skipped message="Reason: On CRAN ('test-row_values.R:167:3')"/>
    </testcase>
    <testcase time="0.166" classname="row_values" name="radsub_produces_expected_values">
      <skipped message="Reason: On CRAN ('test-row_values.R:177:3')"/>
    </testcase>
    <testcase time="0.234000000000002" classname="row_values" name="radtr_produces_expected_values">
      <skipped message="Reason: On CRAN ('test-row_values.R:187:3')"/>
    </testcase>
    <testcase time="0.329999999999998" classname="row_values" name="radtte_produces_expected_values">
      <skipped message="Reason: On CRAN ('test-row_values.R:197:3')"/>
    </testcase>
    <testcase time="0.620000000000001" classname="row_values" name="radvs_produces_expected_values">
      <skipped message="Reason: On CRAN ('test-row_values.R:207:3')"/>
    </testcase>
  </testsuite>
  <testsuite name="utils" timestamp="2025-05-19T07:24:48Z" hostname="2bf052f6f39b" tests="21" skipped="0" failures="0" errors="0" time="0.234">
    <testcase time="0.0389999999999979" classname="utils" name="get_cached_data_returns_correct_error_message"/>
    <testcase time="0.00600000000000023" classname="utils" name="sample_fct_works_as_expected"/>
    <testcase time="0.00600000000000023" classname="utils" name="relvar_init_works_as_expected"/>
    <testcase time="0.00799999999999912" classname="utils" name="relvar_init_returns_correct_error_message"/>
    <testcase time="0.00600000000000023" classname="utils" name="rel_var_works_as_expected"/>
    <testcase time="0.00300000000000011" classname="utils" name="rel_var_works_as_expected"/>
    <testcase time="0.00700000000000145" classname="utils" name="visit_schedule_works_with_WEEK_visit_format"/>
    <testcase time="0.00600000000000023" classname="utils" name="visit_schedule_works_with_CycLe_visit_format"/>
    <testcase time="0.093" classname="utils" name="retain_works_as_expected"/>
    <testcase time="0.00799999999999912" classname="utils" name="rcd_var_relabel_works_as_expected"/>
    <testcase time="0.00799999999999912" classname="utils" name="rcd_var_relabel_returns_correct_error_message"/>
    <testcase time="0.00500000000000256" classname="utils" name="replace_na_works_as_expected"/>
    <testcase time="0.00300000000000011" classname="utils" name="replace_na_works_as_expected"/>
    <testcase time="0.00900000000000034" classname="utils" name="mutate_na_works_as_expected"/>
    <testcase time="0.00300000000000011" classname="utils" name="mutate_na_works_as_expected"/>
    <testcase time="0.00299999999999656" classname="utils" name="mutate_na_works_as_expected"/>
    <testcase time="0.00200000000000244" classname="utils" name="mutate_na_works_as_expected"/>
    <testcase time="0.00600000000000023" classname="utils" name="rtpois_works_as_expected"/>
    <testcase time="0.00600000000000023" classname="utils" name="rtexp_works_as_expected"/>
    <testcase time="0.00399999999999778" classname="utils" name="rtexp_works_as_expected"/>
    <testcase time="0.00300000000000011" classname="utils" name="rtexp_works_as_expected"/>
  </testsuite>
</testsuites>
