<?xml version="1.0" encoding="UTF-8"?>
<testsuites>
  <testsuite name="metadata" timestamp="2025-05-19T07:25:02Z" hostname="ba4bb2be3e80" tests="20" skipped="0" failures="0" errors="0" time="8.578">
    <testcase time="0.308" classname="metadata" name="metadata_matches_radsl"/>
    <testcase time="0.3" classname="metadata" name="metadata_matches_radab"/>
    <testcase time="0.37" classname="metadata" name="metadata_matches_radae"/>
    <testcase time="0.364" classname="metadata" name="metadata_matches_radaette"/>
    <testcase time="0.275" classname="metadata" name="metadata_matches_radcm"/>
    <testcase time="0.218" classname="metadata" name="metadata_matches_raddv"/>
    <testcase time="0.677" classname="metadata" name="metadata_matches_radeg"/>
    <testcase time="0.64" classname="metadata" name="metadata_matches_radex"/>
    <testcase time="0.265" classname="metadata" name="metadata_matches_radhy"/>
    <testcase time="0.616" classname="metadata" name="metadata_matches_radlb"/>
    <testcase time="0.298999999999999" classname="metadata" name="metadata_matches_radmh"/>
    <testcase time="0.185" classname="metadata" name="metadata_matches_radpc"/>
    <testcase time="0.17" classname="metadata" name="metadata_matches_radpp"/>
    <testcase time="1.704" classname="metadata" name="metadata_matches_radqlqc"/>
    <testcase time="0.474" classname="metadata" name="metadata_matches_radqs"/>
    <testcase time="0.305" classname="metadata" name="metadata_matches_radrs"/>
    <testcase time="0.201000000000001" classname="metadata" name="metadata_matches_radsub"/>
    <testcase time="0.401000000000001" classname="metadata" name="metadata_matches_radtr"/>
    <testcase time="0.287999999999998" classname="metadata" name="metadata_matches_radtte"/>
    <testcase time="0.518000000000001" classname="metadata" name="metadata_matches_radvs"/>
  </testsuite>
  <testsuite name="rdata" timestamp="2025-05-19T07:25:10Z" hostname="ba4bb2be3e80" tests="44" skipped="0" failures="0" errors="0" time="10.758">
    <testcase time="0.0969999999999995" classname="rdata" name="r_data_functions_work"/>
    <testcase time="0.216000000000001" classname="rdata" name="r_data_functions_work"/>
    <testcase time="0.219999999999999" classname="rdata" name="r_data_functions_work"/>
    <testcase time="0.128" classname="rdata" name="r_data_functions_work"/>
    <testcase time="0.0609999999999999" classname="rdata" name="r_data_functions_work"/>
    <testcase time="0.529999999999999" classname="rdata" name="r_data_functions_work"/>
    <testcase time="0.475" classname="rdata" name="r_data_functions_work"/>
    <testcase time="0.113" classname="rdata" name="r_data_functions_work"/>
    <testcase time="0.492000000000001" classname="rdata" name="r_data_functions_work"/>
    <testcase time="0.151999999999999" classname="rdata" name="r_data_functions_work"/>
    <testcase time="0.0360000000000014" classname="rdata" name="r_data_functions_work"/>
    <testcase time="0.0689999999999991" classname="rdata" name="r_data_functions_work"/>
    <testcase time="0.0259999999999998" classname="rdata" name="r_data_functions_work"/>
    <testcase time="1.578" classname="rdata" name="r_data_functions_work"/>
    <testcase time="0.327" classname="rdata" name="r_data_functions_work"/>
    <testcase time="0.135999999999999" classname="rdata" name="r_data_functions_work"/>
    <testcase time="0.219000000000001" classname="rdata" name="r_data_functions_work"/>
    <testcase time="0.052999999999999" classname="rdata" name="r_data_functions_work"/>
    <testcase time="0.195" classname="rdata" name="r_data_functions_work"/>
    <testcase time="0.207000000000001" classname="rdata" name="r_data_functions_work"/>
    <testcase time="0.445" classname="rdata" name="r_data_functions_work"/>
    <testcase time="0.00799999999999912" classname="rdata" name="r_data_with_cached_TRUE"/>
    <testcase time="0.00600000000000023" classname="rdata" name="r_data_with_cached_TRUE"/>
    <testcase time="0.00499999999999901" classname="rdata" name="r_data_with_cached_TRUE"/>
    <testcase time="0.00700000000000145" classname="rdata" name="r_data_with_cached_TRUE"/>
    <testcase time="0.00199999999999889" classname="rdata" name="r_data_with_cached_TRUE"/>
    <testcase time="0.0210000000000008" classname="rdata" name="r_data_with_cached_TRUE"/>
    <testcase time="0.0109999999999992" classname="rdata" name="r_data_with_cached_TRUE"/>
    <testcase time="0.0229999999999997" classname="rdata" name="r_data_with_cached_TRUE"/>
    <testcase time="0.0170000000000012" classname="rdata" name="r_data_with_cached_TRUE"/>
    <testcase time="0.00399999999999956" classname="rdata" name="r_data_with_cached_TRUE"/>
    <testcase time="0.0129999999999999" classname="rdata" name="r_data_with_cached_TRUE"/>
    <testcase time="0.000999999999999446" classname="rdata" name="r_data_with_cached_TRUE"/>
    <testcase time="0.0810000000000013" classname="rdata" name="r_data_with_cached_TRUE"/>
    <testcase time="0.0179999999999989" classname="rdata" name="r_data_with_cached_TRUE"/>
    <testcase time="0.00600000000000023" classname="rdata" name="r_data_with_cached_TRUE"/>
    <testcase time="0.00500000000000078" classname="rdata" name="r_data_with_cached_TRUE"/>
    <testcase time="0.00699999999999967" classname="rdata" name="r_data_with_cached_TRUE"/>
    <testcase time="0.00499999999999901" classname="rdata" name="r_data_with_cached_TRUE"/>
    <testcase time="0.0260000000000016" classname="rdata" name="r_data_with_cached_TRUE"/>
    <testcase time="0.154" classname="rdata" name="seed_works"/>
    <testcase time="1.173" classname="rdata" name="radsl_works_with_large_N"/>
    <testcase time="0.0069999999999979" classname="rdata" name="radsl_has_no_LSTALVDT_greater_than_DTHDT"/>
    <testcase time="3.383" classname="rdata" name="radcm_works_with_who_coding_TRUE"/>
  </testsuite>
  <testsuite name="row_values" timestamp="2025-05-19T07:25:21Z" hostname="ba4bb2be3e80" tests="42" skipped="0" failures="0" errors="0" time="11.466">
    <testcase time="0.407" classname="row_values" name="radsl_produces_expected_values"/>
    <testcase time="0.109000000000002" classname="row_values" name="radsl_produces_expected_values"/>
    <testcase time="0.395" classname="row_values" name="radae_produces_expected_values"/>
    <testcase time="0.154" classname="row_values" name="radae_produces_expected_values"/>
    <testcase time="0.350999999999999" classname="row_values" name="radaette_produces_expected_values"/>
    <testcase time="0.121000000000002" classname="row_values" name="radaette_produces_expected_values"/>
    <testcase time="0.274999999999999" classname="row_values" name="radcm_produces_expected_values"/>
    <testcase time="0.146000000000001" classname="row_values" name="radcm_produces_expected_values"/>
    <testcase time="0.18" classname="row_values" name="raddv_produces_expected_values"/>
    <testcase time="0.113" classname="row_values" name="raddv_produces_expected_values"/>
    <testcase time="0.719999999999999" classname="row_values" name="radeg_produces_expected_values"/>
    <testcase time="0.156000000000002" classname="row_values" name="radeg_produces_expected_values"/>
    <testcase time="0.657" classname="row_values" name="radex_produces_expected_values"/>
    <testcase time="0.151" classname="row_values" name="radex_produces_expected_values"/>
    <testcase time="0.271999999999998" classname="row_values" name="radhy_produces_expected_values"/>
    <testcase time="0.129000000000001" classname="row_values" name="radhy_produces_expected_values"/>
    <testcase time="0.715" classname="row_values" name="radlb_produces_expected_values"/>
    <testcase time="0.184999999999999" classname="row_values" name="radlb_produces_expected_values"/>
    <testcase time="0.349" classname="row_values" name="radmh_produces_expected_values"/>
    <testcase time="0.123000000000001" classname="row_values" name="radmh_produces_expected_values"/>
    <testcase time="0.140999999999998" classname="row_values" name="radpc_produces_expected_values"/>
    <testcase time="0.127000000000002" classname="row_values" name="radpc_produces_expected_values"/>
    <testcase time="0.131999999999998" classname="row_values" name="radab_produces_expected_values"/>
    <testcase time="0.0579999999999998" classname="row_values" name="radab_produces_expected_values"/>
    <testcase time="0.054000000000002" classname="row_values" name="radpp_produces_expected_values"/>
    <testcase time="0.0329999999999977" classname="row_values" name="radpp_produces_expected_values"/>
    <testcase time="1.797" classname="row_values" name="radqlqc_produces_expected_values"/>
    <testcase time="0.103000000000002" classname="row_values" name="radqlqc_produces_expected_values"/>
    <testcase time="0.480999999999998" classname="row_values" name="radqs_produces_expected_values"/>
    <testcase time="0.141999999999999" classname="row_values" name="radqs_produces_expected_values"/>
    <testcase time="0.252000000000002" classname="row_values" name="radrs_produces_expected_values"/>
    <testcase time="0.119999999999997" classname="row_values" name="radrs_produces_expected_values"/>
    <testcase time="0.354000000000003" classname="row_values" name="radsaftte_produces_expected_values"/>
    <testcase time="0.122" classname="row_values" name="radsaftte_produces_expected_values"/>
    <testcase time="0.18" classname="row_values" name="radsub_produces_expected_values"/>
    <testcase time="0.119999999999997" classname="row_values" name="radsub_produces_expected_values"/>
    <testcase time="0.234000000000002" classname="row_values" name="radtr_produces_expected_values"/>
    <testcase time="0.0300000000000011" classname="row_values" name="radtr_produces_expected_values"/>
    <testcase time="0.337" classname="row_values" name="radtte_produces_expected_values"/>
    <testcase time="0.126999999999999" classname="row_values" name="radtte_produces_expected_values"/>
    <testcase time="0.648" classname="row_values" name="radvs_produces_expected_values"/>
    <testcase time="0.166" classname="row_values" name="radvs_produces_expected_values"/>
  </testsuite>
  <testsuite name="utils" timestamp="2025-05-19T07:25:32Z" hostname="ba4bb2be3e80" tests="21" skipped="0" failures="0" errors="0" time="0.237">
    <testcase time="0.0229999999999997" classname="utils" name="get_cached_data_returns_correct_error_message"/>
    <testcase time="0.00600000000000023" classname="utils" name="sample_fct_works_as_expected"/>
    <testcase time="0.00499999999999901" classname="utils" name="relvar_init_works_as_expected"/>
    <testcase time="0.00800000000000267" classname="utils" name="relvar_init_returns_correct_error_message"/>
    <testcase time="0.00600000000000023" classname="utils" name="rel_var_works_as_expected"/>
    <testcase time="0.00300000000000011" classname="utils" name="rel_var_works_as_expected"/>
    <testcase time="0.0119999999999969" classname="utils" name="visit_schedule_works_with_WEEK_visit_format"/>
    <testcase time="0.00800000000000267" classname="utils" name="visit_schedule_works_with_CycLe_visit_format"/>
    <testcase time="0.097999999999999" classname="utils" name="retain_works_as_expected"/>
    <testcase time="0.00600000000000023" classname="utils" name="rcd_var_relabel_works_as_expected"/>
    <testcase time="0.00799999999999912" classname="utils" name="rcd_var_relabel_returns_correct_error_message"/>
    <testcase time="0.00499999999999901" classname="utils" name="replace_na_works_as_expected"/>
    <testcase time="0.00300000000000011" classname="utils" name="replace_na_works_as_expected"/>
    <testcase time="0.017000000000003" classname="utils" name="mutate_na_works_as_expected"/>
    <testcase time="0.00399999999999778" classname="utils" name="mutate_na_works_as_expected"/>
    <testcase time="0.00300000000000011" classname="utils" name="mutate_na_works_as_expected"/>
    <testcase time="0.00300000000000011" classname="utils" name="mutate_na_works_as_expected"/>
    <testcase time="0.00600000000000023" classname="utils" name="rtpois_works_as_expected"/>
    <testcase time="0.00700000000000145" classname="utils" name="rtexp_works_as_expected"/>
    <testcase time="0.00300000000000011" classname="utils" name="rtexp_works_as_expected"/>
    <testcase time="0.00300000000000011" classname="utils" name="rtexp_works_as_expected"/>
  </testsuite>
</testsuites>
