<?xml version="1.0" encoding="UTF-8"?>
<testsuites>
  <testsuite name="metadata" timestamp="2025-07-16T14:08:58Z" hostname="f2caf7e06b2a" tests="20" skipped="0" failures="0" errors="0" time="8.809">
    <testcase time="0.308" classname="metadata" name="metadata_matches_radsl"/>
    <testcase time="0.313" classname="metadata" name="metadata_matches_radab"/>
    <testcase time="0.382" classname="metadata" name="metadata_matches_radae"/>
    <testcase time="0.378" classname="metadata" name="metadata_matches_radaette"/>
    <testcase time="0.291" classname="metadata" name="metadata_matches_radcm"/>
    <testcase time="0.237" classname="metadata" name="metadata_matches_raddv"/>
    <testcase time="0.698" classname="metadata" name="metadata_matches_radeg"/>
    <testcase time="0.646" classname="metadata" name="metadata_matches_radex"/>
    <testcase time="0.273" classname="metadata" name="metadata_matches_radhy"/>
    <testcase time="0.626" classname="metadata" name="metadata_matches_radlb"/>
    <testcase time="0.327999999999999" classname="metadata" name="metadata_matches_radmh"/>
    <testcase time="0.203" classname="metadata" name="metadata_matches_radpc"/>
    <testcase time="0.188" classname="metadata" name="metadata_matches_radpp"/>
    <testcase time="1.723" classname="metadata" name="metadata_matches_radqlqc"/>
    <testcase time="0.464" classname="metadata" name="metadata_matches_radqs"/>
    <testcase time="0.312" classname="metadata" name="metadata_matches_radrs"/>
    <testcase time="0.207000000000001" classname="metadata" name="metadata_matches_radsub"/>
    <testcase time="0.424999999999999" classname="metadata" name="metadata_matches_radtr"/>
    <testcase time="0.290000000000001" classname="metadata" name="metadata_matches_radtte"/>
    <testcase time="0.516999999999999" classname="metadata" name="metadata_matches_radvs"/>
  </testsuite>
  <testsuite name="rdata" timestamp="2025-07-16T14:09:07Z" hostname="f2caf7e06b2a" tests="44" skipped="0" failures="0" errors="0" time="10.929">
    <testcase time="0.0999999999999996" classname="rdata" name="r_data_functions_work"/>
    <testcase time="0.216000000000001" classname="rdata" name="r_data_functions_work"/>
    <testcase time="0.222999999999999" classname="rdata" name="r_data_functions_work"/>
    <testcase time="0.131" classname="rdata" name="r_data_functions_work"/>
    <testcase time="0.0619999999999994" classname="rdata" name="r_data_functions_work"/>
    <testcase time="0.539" classname="rdata" name="r_data_functions_work"/>
    <testcase time="0.481000000000002" classname="rdata" name="r_data_functions_work"/>
    <testcase time="0.116999999999999" classname="rdata" name="r_data_functions_work"/>
    <testcase time="0.495000000000001" classname="rdata" name="r_data_functions_work"/>
    <testcase time="0.151" classname="rdata" name="r_data_functions_work"/>
    <testcase time="0.0359999999999996" classname="rdata" name="r_data_functions_work"/>
    <testcase time="0.0689999999999991" classname="rdata" name="r_data_functions_work"/>
    <testcase time="0.027000000000001" classname="rdata" name="r_data_functions_work"/>
    <testcase time="1.62" classname="rdata" name="r_data_functions_work"/>
    <testcase time="0.33" classname="rdata" name="r_data_functions_work"/>
    <testcase time="0.136000000000001" classname="rdata" name="r_data_functions_work"/>
    <testcase time="0.222" classname="rdata" name="r_data_functions_work"/>
    <testcase time="0.0559999999999992" classname="rdata" name="r_data_functions_work"/>
    <testcase time="0.202" classname="rdata" name="r_data_functions_work"/>
    <testcase time="0.201000000000001" classname="rdata" name="r_data_functions_work"/>
    <testcase time="0.446" classname="rdata" name="r_data_functions_work"/>
    <testcase time="0.00900000000000034" classname="rdata" name="r_data_with_cached_TRUE"/>
    <testcase time="0.00500000000000078" classname="rdata" name="r_data_with_cached_TRUE"/>
    <testcase time="0.00499999999999901" classname="rdata" name="r_data_with_cached_TRUE"/>
    <testcase time="0.00600000000000023" classname="rdata" name="r_data_with_cached_TRUE"/>
    <testcase time="0.00200000000000067" classname="rdata" name="r_data_with_cached_TRUE"/>
    <testcase time="0.020999999999999" classname="rdata" name="r_data_with_cached_TRUE"/>
    <testcase time="0.0120000000000005" classname="rdata" name="r_data_with_cached_TRUE"/>
    <testcase time="0.0240000000000009" classname="rdata" name="r_data_with_cached_TRUE"/>
    <testcase time="0.0169999999999995" classname="rdata" name="r_data_with_cached_TRUE"/>
    <testcase time="0.00499999999999901" classname="rdata" name="r_data_with_cached_TRUE"/>
    <testcase time="0.0100000000000016" classname="rdata" name="r_data_with_cached_TRUE"/>
    <testcase time="0.00199999999999889" classname="rdata" name="r_data_with_cached_TRUE"/>
    <testcase time="0.0809999999999995" classname="rdata" name="r_data_with_cached_TRUE"/>
    <testcase time="0.016" classname="rdata" name="r_data_with_cached_TRUE"/>
    <testcase time="0.00600000000000023" classname="rdata" name="r_data_with_cached_TRUE"/>
    <testcase time="0.00499999999999901" classname="rdata" name="r_data_with_cached_TRUE"/>
    <testcase time="0.0080000000000009" classname="rdata" name="r_data_with_cached_TRUE"/>
    <testcase time="0.00499999999999901" classname="rdata" name="r_data_with_cached_TRUE"/>
    <testcase time="0.0250000000000004" classname="rdata" name="r_data_with_cached_TRUE"/>
    <testcase time="0.157" classname="rdata" name="seed_works"/>
    <testcase time="1.205" classname="rdata" name="radsl_works_with_large_N"/>
    <testcase time="0.00799999999999912" classname="rdata" name="radsl_has_no_LSTALVDT_greater_than_DTHDT"/>
    <testcase time="3.435" classname="rdata" name="radcm_works_with_who_coding_TRUE"/>
  </testsuite>
  <testsuite name="row_values" timestamp="2025-07-16T14:09:18Z" hostname="f2caf7e06b2a" tests="21" skipped="21" failures="0" errors="0" time="8.75">
    <testcase time="0.395999999999997" classname="row_values" name="radsl_produces_expected_values">
      <skipped message="Reason: On CRAN ('test-row_values.R:9:3')"/>
    </testcase>
    <testcase time="0.396000000000001" classname="row_values" name="radae_produces_expected_values">
      <skipped message="Reason: On CRAN ('test-row_values.R:19:3')"/>
    </testcase>
    <testcase time="0.353999999999999" classname="row_values" name="radaette_produces_expected_values">
      <skipped message="Reason: On CRAN ('test-row_values.R:29:3')"/>
    </testcase>
    <testcase time="0.272000000000002" classname="row_values" name="radcm_produces_expected_values">
      <skipped message="Reason: On CRAN ('test-row_values.R:39:3')"/>
    </testcase>
    <testcase time="0.172999999999998" classname="row_values" name="raddv_produces_expected_values">
      <skipped message="Reason: On CRAN ('test-row_values.R:49:3')"/>
    </testcase>
    <testcase time="0.720000000000002" classname="row_values" name="radeg_produces_expected_values">
      <skipped message="Reason: On CRAN ('test-row_values.R:59:3')"/>
    </testcase>
    <testcase time="0.663" classname="row_values" name="radex_produces_expected_values">
      <skipped message="Reason: On CRAN ('test-row_values.R:69:3')"/>
    </testcase>
    <testcase time="0.268999999999998" classname="row_values" name="radhy_produces_expected_values">
      <skipped message="Reason: On CRAN ('test-row_values.R:79:3')"/>
    </testcase>
    <testcase time="0.695" classname="row_values" name="radlb_produces_expected_values">
      <skipped message="Reason: On CRAN ('test-row_values.R:89:3')"/>
    </testcase>
    <testcase time="0.276" classname="row_values" name="radmh_produces_expected_values">
      <skipped message="Reason: On CRAN ('test-row_values.R:99:3')"/>
    </testcase>
    <testcase time="0.138999999999999" classname="row_values" name="radpc_produces_expected_values">
      <skipped message="Reason: On CRAN ('test-row_values.R:107:3')"/>
    </testcase>
    <testcase time="0.129000000000001" classname="row_values" name="radab_produces_expected_values">
      <skipped message="Reason: On CRAN ('test-row_values.R:117:3')"/>
    </testcase>
    <testcase time="0.0640000000000001" classname="row_values" name="radpp_produces_expected_values">
      <skipped message="Reason: On CRAN ('test-row_values.R:127:3')"/>
    </testcase>
    <testcase time="1.837" classname="row_values" name="radqlqc_produces_expected_values">
      <skipped message="Reason: On CRAN ('test-row_values.R:137:3')"/>
    </testcase>
    <testcase time="0.460000000000001" classname="row_values" name="radqs_produces_expected_values">
      <skipped message="Reason: On CRAN ('test-row_values.R:147:3')"/>
    </testcase>
    <testcase time="0.248999999999999" classname="row_values" name="radrs_produces_expected_values">
      <skipped message="Reason: On CRAN ('test-row_values.R:157:3')"/>
    </testcase>
    <testcase time="0.335999999999999" classname="row_values" name="radsaftte_produces_expected_values">
      <skipped message="Reason: On CRAN ('test-row_values.R:167:3')"/>
    </testcase>
    <testcase time="0.162000000000003" classname="row_values" name="radsub_produces_expected_values">
      <skipped message="Reason: On CRAN ('test-row_values.R:177:3')"/>
    </testcase>
    <testcase time="0.228999999999999" classname="row_values" name="radtr_produces_expected_values">
      <skipped message="Reason: On CRAN ('test-row_values.R:187:3')"/>
    </testcase>
    <testcase time="0.317" classname="row_values" name="radtte_produces_expected_values">
      <skipped message="Reason: On CRAN ('test-row_values.R:197:3')"/>
    </testcase>
    <testcase time="0.614000000000001" classname="row_values" name="radvs_produces_expected_values">
      <skipped message="Reason: On CRAN ('test-row_values.R:207:3')"/>
    </testcase>
  </testsuite>
  <testsuite name="utils" timestamp="2025-07-16T14:09:27Z" hostname="f2caf7e06b2a" tests="21" skipped="0" failures="0" errors="0" time="0.233">
    <testcase time="0.0380000000000003" classname="utils" name="get_cached_data_returns_correct_error_message"/>
    <testcase time="0.00600000000000023" classname="utils" name="sample_fct_works_as_expected"/>
    <testcase time="0.00599999999999667" classname="utils" name="relvar_init_works_as_expected"/>
    <testcase time="0.00800000000000267" classname="utils" name="relvar_init_returns_correct_error_message"/>
    <testcase time="0.00600000000000023" classname="utils" name="rel_var_works_as_expected"/>
    <testcase time="0.00300000000000011" classname="utils" name="rel_var_works_as_expected"/>
    <testcase time="0.0069999999999979" classname="utils" name="visit_schedule_works_with_WEEK_visit_format"/>
    <testcase time="0.00600000000000023" classname="utils" name="visit_schedule_works_with_CycLe_visit_format"/>
    <testcase time="0.0949999999999989" classname="utils" name="retain_works_as_expected"/>
    <testcase time="0.00700000000000145" classname="utils" name="rcd_var_relabel_works_as_expected"/>
    <testcase time="0.00700000000000145" classname="utils" name="rcd_var_relabel_returns_correct_error_message"/>
    <testcase time="0.00600000000000023" classname="utils" name="replace_na_works_as_expected"/>
    <testcase time="0.00199999999999889" classname="utils" name="replace_na_works_as_expected"/>
    <testcase time="0.00999999999999801" classname="utils" name="mutate_na_works_as_expected"/>
    <testcase time="0.00200000000000244" classname="utils" name="mutate_na_works_as_expected"/>
    <testcase time="0.00300000000000011" classname="utils" name="mutate_na_works_as_expected"/>
    <testcase time="0.00199999999999889" classname="utils" name="mutate_na_works_as_expected"/>
    <testcase time="0.00600000000000023" classname="utils" name="rtpois_works_as_expected"/>
    <testcase time="0.00600000000000023" classname="utils" name="rtexp_works_as_expected"/>
    <testcase time="0.00400000000000134" classname="utils" name="rtexp_works_as_expected"/>
    <testcase time="0.00300000000000011" classname="utils" name="rtexp_works_as_expected"/>
  </testsuite>
</testsuites>
