<?xml version="1.0" encoding="UTF-8"?>
<testsuites>
  <testsuite name="metadata" timestamp="2025-07-16T14:08:48Z" hostname="fdaf1b660ef1" tests="20" skipped="0" failures="0" errors="0" time="8.877">
    <testcase time="0.313" classname="metadata" name="metadata_matches_radsl"/>
    <testcase time="0.315" classname="metadata" name="metadata_matches_radab"/>
    <testcase time="0.382" classname="metadata" name="metadata_matches_radae"/>
    <testcase time="0.379" classname="metadata" name="metadata_matches_radaette"/>
    <testcase time="0.287" classname="metadata" name="metadata_matches_radcm"/>
    <testcase time="0.218" classname="metadata" name="metadata_matches_raddv"/>
    <testcase time="0.695" classname="metadata" name="metadata_matches_radeg"/>
    <testcase time="0.663" classname="metadata" name="metadata_matches_radex"/>
    <testcase time="0.278" classname="metadata" name="metadata_matches_radhy"/>
    <testcase time="0.646" classname="metadata" name="metadata_matches_radlb"/>
    <testcase time="0.314" classname="metadata" name="metadata_matches_radmh"/>
    <testcase time="0.193000000000001" classname="metadata" name="metadata_matches_radpc"/>
    <testcase time="0.177" classname="metadata" name="metadata_matches_radpp"/>
    <testcase time="1.753" classname="metadata" name="metadata_matches_radqlqc"/>
    <testcase time="0.479" classname="metadata" name="metadata_matches_radqs"/>
    <testcase time="0.316000000000001" classname="metadata" name="metadata_matches_radrs"/>
    <testcase time="0.209999999999999" classname="metadata" name="metadata_matches_radsub"/>
    <testcase time="0.437000000000001" classname="metadata" name="metadata_matches_radtr"/>
    <testcase time="0.296999999999999" classname="metadata" name="metadata_matches_radtte"/>
    <testcase time="0.525" classname="metadata" name="metadata_matches_radvs"/>
  </testsuite>
  <testsuite name="rdata" timestamp="2025-07-16T14:08:57Z" hostname="fdaf1b660ef1" tests="44" skipped="0" failures="0" errors="0" time="11.252">
    <testcase time="0.0999999999999996" classname="rdata" name="r_data_functions_work"/>
    <testcase time="0.216000000000001" classname="rdata" name="r_data_functions_work"/>
    <testcase time="0.226999999999999" classname="rdata" name="r_data_functions_work"/>
    <testcase time="0.134" classname="rdata" name="r_data_functions_work"/>
    <testcase time="0.0650000000000013" classname="rdata" name="r_data_functions_work"/>
    <testcase time="0.552" classname="rdata" name="r_data_functions_work"/>
    <testcase time="0.497" classname="rdata" name="r_data_functions_work"/>
    <testcase time="0.116999999999999" classname="rdata" name="r_data_functions_work"/>
    <testcase time="0.531000000000001" classname="rdata" name="r_data_functions_work"/>
    <testcase time="0.16" classname="rdata" name="r_data_functions_work"/>
    <testcase time="0.0359999999999996" classname="rdata" name="r_data_functions_work"/>
    <testcase time="0.0709999999999997" classname="rdata" name="r_data_functions_work"/>
    <testcase time="0.0300000000000011" classname="rdata" name="r_data_functions_work"/>
    <testcase time="1.669" classname="rdata" name="r_data_functions_work"/>
    <testcase time="0.342000000000001" classname="rdata" name="r_data_functions_work"/>
    <testcase time="0.138999999999999" classname="rdata" name="r_data_functions_work"/>
    <testcase time="0.229000000000001" classname="rdata" name="r_data_functions_work"/>
    <testcase time="0.0559999999999992" classname="rdata" name="r_data_functions_work"/>
    <testcase time="0.208" classname="rdata" name="r_data_functions_work"/>
    <testcase time="0.217000000000001" classname="rdata" name="r_data_functions_work"/>
    <testcase time="0.483000000000001" classname="rdata" name="r_data_functions_work"/>
    <testcase time="0.00799999999999912" classname="rdata" name="r_data_with_cached_TRUE"/>
    <testcase time="0.00500000000000078" classname="rdata" name="r_data_with_cached_TRUE"/>
    <testcase time="0.00600000000000023" classname="rdata" name="r_data_with_cached_TRUE"/>
    <testcase time="0.00699999999999967" classname="rdata" name="r_data_with_cached_TRUE"/>
    <testcase time="0.00199999999999889" classname="rdata" name="r_data_with_cached_TRUE"/>
    <testcase time="0.0230000000000015" classname="rdata" name="r_data_with_cached_TRUE"/>
    <testcase time="0.0119999999999987" classname="rdata" name="r_data_with_cached_TRUE"/>
    <testcase time="0.0259999999999998" classname="rdata" name="r_data_with_cached_TRUE"/>
    <testcase time="0.016" classname="rdata" name="r_data_with_cached_TRUE"/>
    <testcase time="0.00500000000000078" classname="rdata" name="r_data_with_cached_TRUE"/>
    <testcase time="0.0129999999999999" classname="rdata" name="r_data_with_cached_TRUE"/>
    <testcase time="0.00200000000000067" classname="rdata" name="r_data_with_cached_TRUE"/>
    <testcase time="0.0830000000000002" classname="rdata" name="r_data_with_cached_TRUE"/>
    <testcase time="0.0190000000000001" classname="rdata" name="r_data_with_cached_TRUE"/>
    <testcase time="0.00499999999999901" classname="rdata" name="r_data_with_cached_TRUE"/>
    <testcase time="0.00600000000000023" classname="rdata" name="r_data_with_cached_TRUE"/>
    <testcase time="0.00699999999999967" classname="rdata" name="r_data_with_cached_TRUE"/>
    <testcase time="0.00500000000000078" classname="rdata" name="r_data_with_cached_TRUE"/>
    <testcase time="0.0269999999999992" classname="rdata" name="r_data_with_cached_TRUE"/>
    <testcase time="0.166" classname="rdata" name="seed_works"/>
    <testcase time="1.241" classname="rdata" name="radsl_works_with_large_N"/>
    <testcase time="0.00700000000000145" classname="rdata" name="radsl_has_no_LSTALVDT_greater_than_DTHDT"/>
    <testcase time="3.482" classname="rdata" name="radcm_works_with_who_coding_TRUE"/>
  </testsuite>
  <testsuite name="row_values" timestamp="2025-07-16T14:09:08Z" hostname="fdaf1b660ef1" tests="42" skipped="0" failures="0" errors="0" time="11.898">
    <testcase time="0.416" classname="row_values" name="radsl_produces_expected_values"/>
    <testcase time="0.114000000000001" classname="row_values" name="radsl_produces_expected_values"/>
    <testcase time="0.398" classname="row_values" name="radae_produces_expected_values"/>
    <testcase time="0.154" classname="row_values" name="radae_produces_expected_values"/>
    <testcase time="0.359999999999999" classname="row_values" name="radaette_produces_expected_values"/>
    <testcase time="0.123000000000001" classname="row_values" name="radaette_produces_expected_values"/>
    <testcase time="0.282" classname="row_values" name="radcm_produces_expected_values"/>
    <testcase time="0.148999999999997" classname="row_values" name="radcm_produces_expected_values"/>
    <testcase time="0.184000000000001" classname="row_values" name="raddv_produces_expected_values"/>
    <testcase time="0.116" classname="row_values" name="raddv_produces_expected_values"/>
    <testcase time="0.747" classname="row_values" name="radeg_produces_expected_values"/>
    <testcase time="0.165000000000003" classname="row_values" name="radeg_produces_expected_values"/>
    <testcase time="0.691999999999997" classname="row_values" name="radex_produces_expected_values"/>
    <testcase time="0.156000000000002" classname="row_values" name="radex_produces_expected_values"/>
    <testcase time="0.285999999999998" classname="row_values" name="radhy_produces_expected_values"/>
    <testcase time="0.135000000000002" classname="row_values" name="radhy_produces_expected_values"/>
    <testcase time="0.757000000000001" classname="row_values" name="radlb_produces_expected_values"/>
    <testcase time="0.195999999999998" classname="row_values" name="radlb_produces_expected_values"/>
    <testcase time="0.370000000000001" classname="row_values" name="radmh_produces_expected_values"/>
    <testcase time="0.119" classname="row_values" name="radmh_produces_expected_values"/>
    <testcase time="0.143000000000001" classname="row_values" name="radpc_produces_expected_values"/>
    <testcase time="0.131999999999998" classname="row_values" name="radpc_produces_expected_values"/>
    <testcase time="0.140000000000001" classname="row_values" name="radab_produces_expected_values"/>
    <testcase time="0.0560000000000009" classname="row_values" name="radab_produces_expected_values"/>
    <testcase time="0.0609999999999999" classname="row_values" name="radpp_produces_expected_values"/>
    <testcase time="0.0289999999999999" classname="row_values" name="radpp_produces_expected_values"/>
    <testcase time="1.851" classname="row_values" name="radqlqc_produces_expected_values"/>
    <testcase time="0.106999999999999" classname="row_values" name="radqlqc_produces_expected_values"/>
    <testcase time="0.5" classname="row_values" name="radqs_produces_expected_values"/>
    <testcase time="0.141999999999999" classname="row_values" name="radqs_produces_expected_values"/>
    <testcase time="0.263999999999999" classname="row_values" name="radrs_produces_expected_values"/>
    <testcase time="0.125" classname="row_values" name="radrs_produces_expected_values"/>
    <testcase time="0.366000000000003" classname="row_values" name="radsaftte_produces_expected_values"/>
    <testcase time="0.125999999999998" classname="row_values" name="radsaftte_produces_expected_values"/>
    <testcase time="0.187999999999999" classname="row_values" name="radsub_produces_expected_values"/>
    <testcase time="0.127000000000002" classname="row_values" name="radsub_produces_expected_values"/>
    <testcase time="0.254999999999999" classname="row_values" name="radtr_produces_expected_values"/>
    <testcase time="0.032" classname="row_values" name="radtr_produces_expected_values"/>
    <testcase time="0.352" classname="row_values" name="radtte_produces_expected_values"/>
    <testcase time="0.140999999999998" classname="row_values" name="radtte_produces_expected_values"/>
    <testcase time="0.675000000000004" classname="row_values" name="radvs_produces_expected_values"/>
    <testcase time="0.166999999999994" classname="row_values" name="radvs_produces_expected_values"/>
  </testsuite>
  <testsuite name="utils" timestamp="2025-07-16T14:09:20Z" hostname="fdaf1b660ef1" tests="21" skipped="0" failures="0" errors="0" time="0.238">
    <testcase time="0.0230000000000032" classname="utils" name="get_cached_data_returns_correct_error_message"/>
    <testcase time="0.00600000000000023" classname="utils" name="sample_fct_works_as_expected"/>
    <testcase time="0.00600000000000023" classname="utils" name="relvar_init_works_as_expected"/>
    <testcase time="0.0159999999999982" classname="utils" name="relvar_init_returns_correct_error_message"/>
    <testcase time="0.00800000000000267" classname="utils" name="rel_var_works_as_expected"/>
    <testcase time="0.00399999999999778" classname="utils" name="rel_var_works_as_expected"/>
    <testcase time="0.00600000000000023" classname="utils" name="visit_schedule_works_with_WEEK_visit_format"/>
    <testcase time="0.0069999999999979" classname="utils" name="visit_schedule_works_with_CycLe_visit_format"/>
    <testcase time="0.0920000000000059" classname="utils" name="retain_works_as_expected"/>
    <testcase time="0.00599999999999312" classname="utils" name="rcd_var_relabel_works_as_expected"/>
    <testcase time="0.017000000000003" classname="utils" name="rcd_var_relabel_returns_correct_error_message"/>
    <testcase time="0.0069999999999979" classname="utils" name="replace_na_works_as_expected"/>
    <testcase time="0.00300000000000011" classname="utils" name="replace_na_works_as_expected"/>
    <testcase time="0.0100000000000051" classname="utils" name="mutate_na_works_as_expected"/>
    <testcase time="0.00300000000000011" classname="utils" name="mutate_na_works_as_expected"/>
    <testcase time="0.00200000000000244" classname="utils" name="mutate_na_works_as_expected"/>
    <testcase time="0.00300000000000011" classname="utils" name="mutate_na_works_as_expected"/>
    <testcase time="0.00600000000000023" classname="utils" name="rtpois_works_as_expected"/>
    <testcase time="0.00600000000000023" classname="utils" name="rtexp_works_as_expected"/>
    <testcase time="0.00399999999999778" classname="utils" name="rtexp_works_as_expected"/>
    <testcase time="0.00300000000000011" classname="utils" name="rtexp_works_as_expected"/>
  </testsuite>
</testsuites>
