<?xml version="1.0" encoding="UTF-8"?>
<testsuites>
  <testsuite name="metadata" timestamp="2025-07-16T14:24:47Z" hostname="3e90d5ef1d0a" tests="20" skipped="0" failures="0" errors="0" time="9.245">
    <testcase time="0.344" classname="metadata" name="metadata_matches_radsl"/>
    <testcase time="0.336" classname="metadata" name="metadata_matches_radab"/>
    <testcase time="0.407" classname="metadata" name="metadata_matches_radae"/>
    <testcase time="0.403" classname="metadata" name="metadata_matches_radaette"/>
    <testcase time="0.308" classname="metadata" name="metadata_matches_radcm"/>
    <testcase time="0.233" classname="metadata" name="metadata_matches_raddv"/>
    <testcase time="0.703" classname="metadata" name="metadata_matches_radeg"/>
    <testcase time="0.691" classname="metadata" name="metadata_matches_radex"/>
    <testcase time="0.285" classname="metadata" name="metadata_matches_radhy"/>
    <testcase time="0.656000000000001" classname="metadata" name="metadata_matches_radlb"/>
    <testcase time="0.324999999999999" classname="metadata" name="metadata_matches_radmh"/>
    <testcase time="0.207" classname="metadata" name="metadata_matches_radpc"/>
    <testcase time="0.189" classname="metadata" name="metadata_matches_radpp"/>
    <testcase time="1.787" classname="metadata" name="metadata_matches_radqlqc"/>
    <testcase time="0.488" classname="metadata" name="metadata_matches_radqs"/>
    <testcase time="0.345000000000001" classname="metadata" name="metadata_matches_radrs"/>
    <testcase time="0.228" classname="metadata" name="metadata_matches_radsub"/>
    <testcase time="0.464" classname="metadata" name="metadata_matches_radtr"/>
    <testcase time="0.308" classname="metadata" name="metadata_matches_radtte"/>
    <testcase time="0.538" classname="metadata" name="metadata_matches_radvs"/>
  </testsuite>
  <testsuite name="rdata" timestamp="2025-07-16T14:24:56Z" hostname="3e90d5ef1d0a" tests="44" skipped="0" failures="0" errors="0" time="11.586">
    <testcase time="0.103" classname="rdata" name="r_data_functions_work"/>
    <testcase time="0.226000000000001" classname="rdata" name="r_data_functions_work"/>
    <testcase time="0.247" classname="rdata" name="r_data_functions_work"/>
    <testcase time="0.141" classname="rdata" name="r_data_functions_work"/>
    <testcase time="0.0689999999999991" classname="rdata" name="r_data_functions_work"/>
    <testcase time="0.558" classname="rdata" name="r_data_functions_work"/>
    <testcase time="0.509" classname="rdata" name="r_data_functions_work"/>
    <testcase time="0.118" classname="rdata" name="r_data_functions_work"/>
    <testcase time="0.531000000000001" classname="rdata" name="r_data_functions_work"/>
    <testcase time="0.164" classname="rdata" name="r_data_functions_work"/>
    <testcase time="0.0380000000000003" classname="rdata" name="r_data_functions_work"/>
    <testcase time="0.077" classname="rdata" name="r_data_functions_work"/>
    <testcase time="0.0299999999999994" classname="rdata" name="r_data_functions_work"/>
    <testcase time="1.737" classname="rdata" name="r_data_functions_work"/>
    <testcase time="0.355" classname="rdata" name="r_data_functions_work"/>
    <testcase time="0.157" classname="rdata" name="r_data_functions_work"/>
    <testcase time="0.257" classname="rdata" name="r_data_functions_work"/>
    <testcase time="0.0619999999999994" classname="rdata" name="r_data_functions_work"/>
    <testcase time="0.237" classname="rdata" name="r_data_functions_work"/>
    <testcase time="0.224" classname="rdata" name="r_data_functions_work"/>
    <testcase time="0.482999999999999" classname="rdata" name="r_data_functions_work"/>
    <testcase time="0.00900000000000034" classname="rdata" name="r_data_with_cached_TRUE"/>
    <testcase time="0.00500000000000256" classname="rdata" name="r_data_with_cached_TRUE"/>
    <testcase time="0.00599999999999667" classname="rdata" name="r_data_with_cached_TRUE"/>
    <testcase time="0.00600000000000023" classname="rdata" name="r_data_with_cached_TRUE"/>
    <testcase time="0.00300000000000011" classname="rdata" name="r_data_with_cached_TRUE"/>
    <testcase time="0.0229999999999997" classname="rdata" name="r_data_with_cached_TRUE"/>
    <testcase time="0.0130000000000017" classname="rdata" name="r_data_with_cached_TRUE"/>
    <testcase time="0.0240000000000009" classname="rdata" name="r_data_with_cached_TRUE"/>
    <testcase time="0.0199999999999996" classname="rdata" name="r_data_with_cached_TRUE"/>
    <testcase time="0.00499999999999901" classname="rdata" name="r_data_with_cached_TRUE"/>
    <testcase time="0.0130000000000017" classname="rdata" name="r_data_with_cached_TRUE"/>
    <testcase time="0.00199999999999889" classname="rdata" name="r_data_with_cached_TRUE"/>
    <testcase time="0.0850000000000009" classname="rdata" name="r_data_with_cached_TRUE"/>
    <testcase time="0.0180000000000007" classname="rdata" name="r_data_with_cached_TRUE"/>
    <testcase time="0.00599999999999667" classname="rdata" name="r_data_with_cached_TRUE"/>
    <testcase time="0.00600000000000023" classname="rdata" name="r_data_with_cached_TRUE"/>
    <testcase time="0.00800000000000267" classname="rdata" name="r_data_with_cached_TRUE"/>
    <testcase time="0.00499999999999901" classname="rdata" name="r_data_with_cached_TRUE"/>
    <testcase time="0.0259999999999998" classname="rdata" name="r_data_with_cached_TRUE"/>
    <testcase time="0.166" classname="rdata" name="seed_works"/>
    <testcase time="1.294" classname="rdata" name="radsl_works_with_large_N"/>
    <testcase time="0.0069999999999979" classname="rdata" name="radsl_has_no_LSTALVDT_greater_than_DTHDT"/>
    <testcase time="3.513" classname="rdata" name="radcm_works_with_who_coding_TRUE"/>
  </testsuite>
  <testsuite name="row_values" timestamp="2025-07-16T14:25:08Z" hostname="3e90d5ef1d0a" tests="21" skipped="21" failures="0" errors="0" time="9.393">
    <testcase time="0.417999999999999" classname="row_values" name="radsl_produces_expected_values">
      <skipped message="Reason: On CRAN ('test-row_values.R:9:3')"/>
    </testcase>
    <testcase time="0.420999999999999" classname="row_values" name="radae_produces_expected_values">
      <skipped message="Reason: On CRAN ('test-row_values.R:19:3')"/>
    </testcase>
    <testcase time="0.386000000000003" classname="row_values" name="radaette_produces_expected_values">
      <skipped message="Reason: On CRAN ('test-row_values.R:29:3')"/>
    </testcase>
    <testcase time="0.284999999999997" classname="row_values" name="radcm_produces_expected_values">
      <skipped message="Reason: On CRAN ('test-row_values.R:39:3')"/>
    </testcase>
    <testcase time="0.189" classname="row_values" name="raddv_produces_expected_values">
      <skipped message="Reason: On CRAN ('test-row_values.R:49:3')"/>
    </testcase>
    <testcase time="0.746000000000002" classname="row_values" name="radeg_produces_expected_values">
      <skipped message="Reason: On CRAN ('test-row_values.R:59:3')"/>
    </testcase>
    <testcase time="0.686" classname="row_values" name="radex_produces_expected_values">
      <skipped message="Reason: On CRAN ('test-row_values.R:69:3')"/>
    </testcase>
    <testcase time="0.288999999999998" classname="row_values" name="radhy_produces_expected_values">
      <skipped message="Reason: On CRAN ('test-row_values.R:79:3')"/>
    </testcase>
    <testcase time="0.757000000000001" classname="row_values" name="radlb_produces_expected_values">
      <skipped message="Reason: On CRAN ('test-row_values.R:89:3')"/>
    </testcase>
    <testcase time="0.300000000000001" classname="row_values" name="radmh_produces_expected_values">
      <skipped message="Reason: On CRAN ('test-row_values.R:99:3')"/>
    </testcase>
    <testcase time="0.155000000000001" classname="row_values" name="radpc_produces_expected_values">
      <skipped message="Reason: On CRAN ('test-row_values.R:107:3')"/>
    </testcase>
    <testcase time="0.148999999999997" classname="row_values" name="radab_produces_expected_values">
      <skipped message="Reason: On CRAN ('test-row_values.R:117:3')"/>
    </testcase>
    <testcase time="0.0630000000000024" classname="row_values" name="radpp_produces_expected_values">
      <skipped message="Reason: On CRAN ('test-row_values.R:127:3')"/>
    </testcase>
    <testcase time="1.99" classname="row_values" name="radqlqc_produces_expected_values">
      <skipped message="Reason: On CRAN ('test-row_values.R:137:3')"/>
    </testcase>
    <testcase time="0.492999999999999" classname="row_values" name="radqs_produces_expected_values">
      <skipped message="Reason: On CRAN ('test-row_values.R:147:3')"/>
    </testcase>
    <testcase time="0.285" classname="row_values" name="radrs_produces_expected_values">
      <skipped message="Reason: On CRAN ('test-row_values.R:157:3')"/>
    </testcase>
    <testcase time="0.359000000000002" classname="row_values" name="radsaftte_produces_expected_values">
      <skipped message="Reason: On CRAN ('test-row_values.R:167:3')"/>
    </testcase>
    <testcase time="0.177" classname="row_values" name="radsub_produces_expected_values">
      <skipped message="Reason: On CRAN ('test-row_values.R:177:3')"/>
    </testcase>
    <testcase time="0.248000000000001" classname="row_values" name="radtr_produces_expected_values">
      <skipped message="Reason: On CRAN ('test-row_values.R:187:3')"/>
    </testcase>
    <testcase time="0.340999999999998" classname="row_values" name="radtte_produces_expected_values">
      <skipped message="Reason: On CRAN ('test-row_values.R:197:3')"/>
    </testcase>
    <testcase time="0.656000000000002" classname="row_values" name="radvs_produces_expected_values">
      <skipped message="Reason: On CRAN ('test-row_values.R:207:3')"/>
    </testcase>
  </testsuite>
  <testsuite name="utils" timestamp="2025-07-16T14:25:17Z" hostname="3e90d5ef1d0a" tests="21" skipped="0" failures="0" errors="0" time="0.251">
    <testcase time="0.0440000000000005" classname="utils" name="get_cached_data_returns_correct_error_message"/>
    <testcase time="0.00600000000000023" classname="utils" name="sample_fct_works_as_expected"/>
    <testcase time="0.00600000000000023" classname="utils" name="relvar_init_works_as_expected"/>
    <testcase time="0.00899999999999679" classname="utils" name="relvar_init_returns_correct_error_message"/>
    <testcase time="0.00700000000000145" classname="utils" name="rel_var_works_as_expected"/>
    <testcase time="0.00300000000000011" classname="utils" name="rel_var_works_as_expected"/>
    <testcase time="0.00700000000000145" classname="utils" name="visit_schedule_works_with_WEEK_visit_format"/>
    <testcase time="0.0069999999999979" classname="utils" name="visit_schedule_works_with_CycLe_visit_format"/>
    <testcase time="0.100999999999999" classname="utils" name="retain_works_as_expected"/>
    <testcase time="0.00600000000000023" classname="utils" name="rcd_var_relabel_works_as_expected"/>
    <testcase time="0.00800000000000267" classname="utils" name="rcd_var_relabel_returns_correct_error_message"/>
    <testcase time="0.00600000000000023" classname="utils" name="replace_na_works_as_expected"/>
    <testcase time="0.00300000000000011" classname="utils" name="replace_na_works_as_expected"/>
    <testcase time="0.00999999999999801" classname="utils" name="mutate_na_works_as_expected"/>
    <testcase time="0.00300000000000011" classname="utils" name="mutate_na_works_as_expected"/>
    <testcase time="0.00300000000000011" classname="utils" name="mutate_na_works_as_expected"/>
    <testcase time="0.00300000000000011" classname="utils" name="mutate_na_works_as_expected"/>
    <testcase time="0.00600000000000023" classname="utils" name="rtpois_works_as_expected"/>
    <testcase time="0.00600000000000023" classname="utils" name="rtexp_works_as_expected"/>
    <testcase time="0.00399999999999778" classname="utils" name="rtexp_works_as_expected"/>
    <testcase time="0.00300000000000011" classname="utils" name="rtexp_works_as_expected"/>
  </testsuite>
</testsuites>
