<?xml version="1.0" encoding="UTF-8"?>
<testsuites>
  <testsuite name="metadata" timestamp="2025-07-16T14:23:03Z" hostname="d03ae232a505" tests="20" skipped="0" failures="0" errors="0" time="9.025">
    <testcase time="0.328" classname="metadata" name="metadata_matches_radsl"/>
    <testcase time="0.324" classname="metadata" name="metadata_matches_radab"/>
    <testcase time="0.39" classname="metadata" name="metadata_matches_radae"/>
    <testcase time="0.382" classname="metadata" name="metadata_matches_radaette"/>
    <testcase time="0.293" classname="metadata" name="metadata_matches_radcm"/>
    <testcase time="0.226" classname="metadata" name="metadata_matches_raddv"/>
    <testcase time="0.704" classname="metadata" name="metadata_matches_radeg"/>
    <testcase time="0.668" classname="metadata" name="metadata_matches_radex"/>
    <testcase time="0.28" classname="metadata" name="metadata_matches_radhy"/>
    <testcase time="0.646" classname="metadata" name="metadata_matches_radlb"/>
    <testcase time="0.321" classname="metadata" name="metadata_matches_radmh"/>
    <testcase time="0.199" classname="metadata" name="metadata_matches_radpc"/>
    <testcase time="0.182" classname="metadata" name="metadata_matches_radpp"/>
    <testcase time="1.76" classname="metadata" name="metadata_matches_radqlqc"/>
    <testcase time="0.488" classname="metadata" name="metadata_matches_radqs"/>
    <testcase time="0.336" classname="metadata" name="metadata_matches_radrs"/>
    <testcase time="0.224" classname="metadata" name="metadata_matches_radsub"/>
    <testcase time="0.443999999999999" classname="metadata" name="metadata_matches_radtr"/>
    <testcase time="0.298999999999999" classname="metadata" name="metadata_matches_radtte"/>
    <testcase time="0.531000000000001" classname="metadata" name="metadata_matches_radvs"/>
  </testsuite>
  <testsuite name="rdata" timestamp="2025-07-16T14:23:12Z" hostname="d03ae232a505" tests="44" skipped="0" failures="0" errors="0" time="11.287">
    <testcase time="0.102" classname="rdata" name="r_data_functions_work"/>
    <testcase time="0.218999999999999" classname="rdata" name="r_data_functions_work"/>
    <testcase time="0.239000000000001" classname="rdata" name="r_data_functions_work"/>
    <testcase time="0.137" classname="rdata" name="r_data_functions_work"/>
    <testcase time="0.0649999999999995" classname="rdata" name="r_data_functions_work"/>
    <testcase time="0.562000000000001" classname="rdata" name="r_data_functions_work"/>
    <testcase time="0.504999999999999" classname="rdata" name="r_data_functions_work"/>
    <testcase time="0.119" classname="rdata" name="r_data_functions_work"/>
    <testcase time="0.521999999999998" classname="rdata" name="r_data_functions_work"/>
    <testcase time="0.168000000000001" classname="rdata" name="r_data_functions_work"/>
    <testcase time="0.0399999999999991" classname="rdata" name="r_data_functions_work"/>
    <testcase time="0.077" classname="rdata" name="r_data_functions_work"/>
    <testcase time="0.0289999999999999" classname="rdata" name="r_data_functions_work"/>
    <testcase time="1.676" classname="rdata" name="r_data_functions_work"/>
    <testcase time="0.341000000000001" classname="rdata" name="r_data_functions_work"/>
    <testcase time="0.144" classname="rdata" name="r_data_functions_work"/>
    <testcase time="0.234" classname="rdata" name="r_data_functions_work"/>
    <testcase time="0.0579999999999998" classname="rdata" name="r_data_functions_work"/>
    <testcase time="0.211" classname="rdata" name="r_data_functions_work"/>
    <testcase time="0.219999999999999" classname="rdata" name="r_data_functions_work"/>
    <testcase time="0.474" classname="rdata" name="r_data_functions_work"/>
    <testcase time="0.00900000000000034" classname="rdata" name="r_data_with_cached_TRUE"/>
    <testcase time="0.00499999999999901" classname="rdata" name="r_data_with_cached_TRUE"/>
    <testcase time="0.00600000000000023" classname="rdata" name="r_data_with_cached_TRUE"/>
    <testcase time="0.00600000000000023" classname="rdata" name="r_data_with_cached_TRUE"/>
    <testcase time="0.00200000000000067" classname="rdata" name="r_data_with_cached_TRUE"/>
    <testcase time="0.0229999999999997" classname="rdata" name="r_data_with_cached_TRUE"/>
    <testcase time="0.0120000000000005" classname="rdata" name="r_data_with_cached_TRUE"/>
    <testcase time="0.0250000000000004" classname="rdata" name="r_data_with_cached_TRUE"/>
    <testcase time="0.0189999999999984" classname="rdata" name="r_data_with_cached_TRUE"/>
    <testcase time="0.00500000000000078" classname="rdata" name="r_data_with_cached_TRUE"/>
    <testcase time="0.0109999999999992" classname="rdata" name="r_data_with_cached_TRUE"/>
    <testcase time="0.00200000000000067" classname="rdata" name="r_data_with_cached_TRUE"/>
    <testcase time="0.0830000000000002" classname="rdata" name="r_data_with_cached_TRUE"/>
    <testcase time="0.0179999999999989" classname="rdata" name="r_data_with_cached_TRUE"/>
    <testcase time="0.00600000000000023" classname="rdata" name="r_data_with_cached_TRUE"/>
    <testcase time="0.00500000000000256" classname="rdata" name="r_data_with_cached_TRUE"/>
    <testcase time="0.00799999999999912" classname="rdata" name="r_data_with_cached_TRUE"/>
    <testcase time="0.00499999999999901" classname="rdata" name="r_data_with_cached_TRUE"/>
    <testcase time="0.0259999999999998" classname="rdata" name="r_data_with_cached_TRUE"/>
    <testcase time="0.170000000000002" classname="rdata" name="seed_works"/>
    <testcase time="1.254" classname="rdata" name="radsl_works_with_large_N"/>
    <testcase time="0.00800000000000267" classname="rdata" name="radsl_has_no_LSTALVDT_greater_than_DTHDT"/>
    <testcase time="3.437" classname="rdata" name="radcm_works_with_who_coding_TRUE"/>
  </testsuite>
  <testsuite name="row_values" timestamp="2025-07-16T14:23:23Z" hostname="d03ae232a505" tests="42" skipped="0" failures="0" errors="0" time="11.928">
    <testcase time="0.420999999999999" classname="row_values" name="radsl_produces_expected_values"/>
    <testcase time="0.116" classname="row_values" name="radsl_produces_expected_values"/>
    <testcase time="0.404000000000003" classname="row_values" name="radae_produces_expected_values"/>
    <testcase time="0.155999999999999" classname="row_values" name="radae_produces_expected_values"/>
    <testcase time="0.363" classname="row_values" name="radaette_produces_expected_values"/>
    <testcase time="0.125" classname="row_values" name="radaette_produces_expected_values"/>
    <testcase time="0.280000000000001" classname="row_values" name="radcm_produces_expected_values"/>
    <testcase time="0.151999999999997" classname="row_values" name="radcm_produces_expected_values"/>
    <testcase time="0.190000000000001" classname="row_values" name="raddv_produces_expected_values"/>
    <testcase time="0.119" classname="row_values" name="raddv_produces_expected_values"/>
    <testcase time="0.753" classname="row_values" name="radeg_produces_expected_values"/>
    <testcase time="0.164000000000001" classname="row_values" name="radeg_produces_expected_values"/>
    <testcase time="0.692999999999998" classname="row_values" name="radex_produces_expected_values"/>
    <testcase time="0.158000000000001" classname="row_values" name="radex_produces_expected_values"/>
    <testcase time="0.286000000000001" classname="row_values" name="radhy_produces_expected_values"/>
    <testcase time="0.133999999999997" classname="row_values" name="radhy_produces_expected_values"/>
    <testcase time="0.736000000000001" classname="row_values" name="radlb_produces_expected_values"/>
    <testcase time="0.193000000000001" classname="row_values" name="radlb_produces_expected_values"/>
    <testcase time="0.371000000000002" classname="row_values" name="radmh_produces_expected_values"/>
    <testcase time="0.123000000000001" classname="row_values" name="radmh_produces_expected_values"/>
    <testcase time="0.148" classname="row_values" name="radpc_produces_expected_values"/>
    <testcase time="0.134999999999998" classname="row_values" name="radpc_produces_expected_values"/>
    <testcase time="0.151" classname="row_values" name="radab_produces_expected_values"/>
    <testcase time="0.0590000000000011" classname="row_values" name="radab_produces_expected_values"/>
    <testcase time="0.0650000000000013" classname="row_values" name="radpp_produces_expected_values"/>
    <testcase time="0.0289999999999999" classname="row_values" name="radpp_produces_expected_values"/>
    <testcase time="1.846" classname="row_values" name="radqlqc_produces_expected_values"/>
    <testcase time="0.107999999999997" classname="row_values" name="radqlqc_produces_expected_values"/>
    <testcase time="0.490000000000002" classname="row_values" name="radqs_produces_expected_values"/>
    <testcase time="0.146000000000001" classname="row_values" name="radqs_produces_expected_values"/>
    <testcase time="0.265999999999998" classname="row_values" name="radrs_produces_expected_values"/>
    <testcase time="0.125" classname="row_values" name="radrs_produces_expected_values"/>
    <testcase time="0.369" classname="row_values" name="radsaftte_produces_expected_values"/>
    <testcase time="0.127000000000002" classname="row_values" name="radsaftte_produces_expected_values"/>
    <testcase time="0.189" classname="row_values" name="radsub_produces_expected_values"/>
    <testcase time="0.126999999999999" classname="row_values" name="radsub_produces_expected_values"/>
    <testcase time="0.251000000000001" classname="row_values" name="radtr_produces_expected_values"/>
    <testcase time="0.0309999999999988" classname="row_values" name="radtr_produces_expected_values"/>
    <testcase time="0.346999999999998" classname="row_values" name="radtte_produces_expected_values"/>
    <testcase time="0.141000000000002" classname="row_values" name="radtte_produces_expected_values"/>
    <testcase time="0.673999999999999" classname="row_values" name="radvs_produces_expected_values"/>
    <testcase time="0.167000000000002" classname="row_values" name="radvs_produces_expected_values"/>
  </testsuite>
  <testsuite name="utils" timestamp="2025-07-16T14:23:35Z" hostname="d03ae232a505" tests="21" skipped="0" failures="0" errors="0" time="0.245">
    <testcase time="0.0240000000000009" classname="utils" name="get_cached_data_returns_correct_error_message"/>
    <testcase time="0.00600000000000023" classname="utils" name="sample_fct_works_as_expected"/>
    <testcase time="0.00600000000000023" classname="utils" name="relvar_init_works_as_expected"/>
    <testcase time="0.0180000000000007" classname="utils" name="relvar_init_returns_correct_error_message"/>
    <testcase time="0.00799999999999557" classname="utils" name="rel_var_works_as_expected"/>
    <testcase time="0.00300000000000011" classname="utils" name="rel_var_works_as_expected"/>
    <testcase time="0.0069999999999979" classname="utils" name="visit_schedule_works_with_WEEK_visit_format"/>
    <testcase time="0.007000000000005" classname="utils" name="visit_schedule_works_with_CycLe_visit_format"/>
    <testcase time="0.0910000000000011" classname="utils" name="retain_works_as_expected"/>
    <testcase time="0.00600000000000023" classname="utils" name="rcd_var_relabel_works_as_expected"/>
    <testcase time="0.0189999999999984" classname="utils" name="rcd_var_relabel_returns_correct_error_message"/>
    <testcase time="0.0069999999999979" classname="utils" name="replace_na_works_as_expected"/>
    <testcase time="0.00300000000000011" classname="utils" name="replace_na_works_as_expected"/>
    <testcase time="0.0110000000000028" classname="utils" name="mutate_na_works_as_expected"/>
    <testcase time="0.00300000000000011" classname="utils" name="mutate_na_works_as_expected"/>
    <testcase time="0.00300000000000011" classname="utils" name="mutate_na_works_as_expected"/>
    <testcase time="0.00300000000000011" classname="utils" name="mutate_na_works_as_expected"/>
    <testcase time="0.00600000000000023" classname="utils" name="rtpois_works_as_expected"/>
    <testcase time="0.0069999999999979" classname="utils" name="rtexp_works_as_expected"/>
    <testcase time="0.00400000000000489" classname="utils" name="rtexp_works_as_expected"/>
    <testcase time="0.00300000000000011" classname="utils" name="rtexp_works_as_expected"/>
  </testsuite>
</testsuites>
