<?xml version="1.0" encoding="UTF-8"?>
<testsuites>
  <testsuite name="metadata" timestamp="2025-07-16T14:15:19Z" hostname="bfbcc68cd758" tests="20" skipped="0" failures="0" errors="0" time="9.317">
    <testcase time="0.335" classname="metadata" name="metadata_matches_radsl"/>
    <testcase time="0.338" classname="metadata" name="metadata_matches_radab"/>
    <testcase time="0.42" classname="metadata" name="metadata_matches_radae"/>
    <testcase time="0.426" classname="metadata" name="metadata_matches_radaette"/>
    <testcase time="0.317" classname="metadata" name="metadata_matches_radcm"/>
    <testcase time="0.237" classname="metadata" name="metadata_matches_raddv"/>
    <testcase time="0.748" classname="metadata" name="metadata_matches_radeg"/>
    <testcase time="0.689" classname="metadata" name="metadata_matches_radex"/>
    <testcase time="0.29" classname="metadata" name="metadata_matches_radhy"/>
    <testcase time="0.66" classname="metadata" name="metadata_matches_radlb"/>
    <testcase time="0.326" classname="metadata" name="metadata_matches_radmh"/>
    <testcase time="0.21" classname="metadata" name="metadata_matches_radpc"/>
    <testcase time="0.192" classname="metadata" name="metadata_matches_radpp"/>
    <testcase time="1.789" classname="metadata" name="metadata_matches_radqlqc"/>
    <testcase time="0.486999999999999" classname="metadata" name="metadata_matches_radqs"/>
    <testcase time="0.338000000000001" classname="metadata" name="metadata_matches_radrs"/>
    <testcase time="0.225999999999999" classname="metadata" name="metadata_matches_radsub"/>
    <testcase time="0.452" classname="metadata" name="metadata_matches_radtr"/>
    <testcase time="0.302" classname="metadata" name="metadata_matches_radtte"/>
    <testcase time="0.535" classname="metadata" name="metadata_matches_radvs"/>
  </testsuite>
  <testsuite name="rdata" timestamp="2025-07-16T14:15:28Z" hostname="bfbcc68cd758" tests="44" skipped="0" failures="0" errors="0" time="11.742">
    <testcase time="0.105" classname="rdata" name="r_data_functions_work"/>
    <testcase time="0.227" classname="rdata" name="r_data_functions_work"/>
    <testcase time="0.244999999999999" classname="rdata" name="r_data_functions_work"/>
    <testcase time="0.138" classname="rdata" name="r_data_functions_work"/>
    <testcase time="0.0670000000000002" classname="rdata" name="r_data_functions_work"/>
    <testcase time="0.561999999999999" classname="rdata" name="r_data_functions_work"/>
    <testcase time="0.525" classname="rdata" name="r_data_functions_work"/>
    <testcase time="0.122" classname="rdata" name="r_data_functions_work"/>
    <testcase time="0.558" classname="rdata" name="r_data_functions_work"/>
    <testcase time="0.173" classname="rdata" name="r_data_functions_work"/>
    <testcase time="0.0410000000000004" classname="rdata" name="r_data_functions_work"/>
    <testcase time="0.0839999999999996" classname="rdata" name="r_data_functions_work"/>
    <testcase time="0.0340000000000007" classname="rdata" name="r_data_functions_work"/>
    <testcase time="1.739" classname="rdata" name="r_data_functions_work"/>
    <testcase time="0.349" classname="rdata" name="r_data_functions_work"/>
    <testcase time="0.159000000000001" classname="rdata" name="r_data_functions_work"/>
    <testcase time="0.263999999999999" classname="rdata" name="r_data_functions_work"/>
    <testcase time="0.0640000000000001" classname="rdata" name="r_data_functions_work"/>
    <testcase time="0.246" classname="rdata" name="r_data_functions_work"/>
    <testcase time="0.231999999999999" classname="rdata" name="r_data_functions_work"/>
    <testcase time="0.481000000000002" classname="rdata" name="r_data_functions_work"/>
    <testcase time="0.00999999999999801" classname="rdata" name="r_data_with_cached_TRUE"/>
    <testcase time="0.00499999999999901" classname="rdata" name="r_data_with_cached_TRUE"/>
    <testcase time="0.00600000000000023" classname="rdata" name="r_data_with_cached_TRUE"/>
    <testcase time="0.00600000000000023" classname="rdata" name="r_data_with_cached_TRUE"/>
    <testcase time="0.00300000000000011" classname="rdata" name="r_data_with_cached_TRUE"/>
    <testcase time="0.0219999999999985" classname="rdata" name="r_data_with_cached_TRUE"/>
    <testcase time="0.0140000000000029" classname="rdata" name="r_data_with_cached_TRUE"/>
    <testcase time="0.0249999999999986" classname="rdata" name="r_data_with_cached_TRUE"/>
    <testcase time="0.0180000000000007" classname="rdata" name="r_data_with_cached_TRUE"/>
    <testcase time="0.00499999999999901" classname="rdata" name="r_data_with_cached_TRUE"/>
    <testcase time="0.0120000000000005" classname="rdata" name="r_data_with_cached_TRUE"/>
    <testcase time="0.00199999999999889" classname="rdata" name="r_data_with_cached_TRUE"/>
    <testcase time="0.0850000000000009" classname="rdata" name="r_data_with_cached_TRUE"/>
    <testcase time="0.0199999999999996" classname="rdata" name="r_data_with_cached_TRUE"/>
    <testcase time="0.00600000000000023" classname="rdata" name="r_data_with_cached_TRUE"/>
    <testcase time="0.00600000000000023" classname="rdata" name="r_data_with_cached_TRUE"/>
    <testcase time="0.00799999999999912" classname="rdata" name="r_data_with_cached_TRUE"/>
    <testcase time="0.00600000000000023" classname="rdata" name="r_data_with_cached_TRUE"/>
    <testcase time="0.0259999999999998" classname="rdata" name="r_data_with_cached_TRUE"/>
    <testcase time="0.170999999999999" classname="rdata" name="seed_works"/>
    <testcase time="1.365" classname="rdata" name="radsl_works_with_large_N"/>
    <testcase time="0.00799999999999912" classname="rdata" name="radsl_has_no_LSTALVDT_greater_than_DTHDT"/>
    <testcase time="3.498" classname="rdata" name="radcm_works_with_who_coding_TRUE"/>
  </testsuite>
  <testsuite name="row_values" timestamp="2025-07-16T14:15:40Z" hostname="bfbcc68cd758" tests="42" skipped="0" failures="0" errors="0" time="12.085">
    <testcase time="0.454000000000001" classname="row_values" name="radsl_produces_expected_values"/>
    <testcase time="0.119" classname="row_values" name="radsl_produces_expected_values"/>
    <testcase time="0.424000000000003" classname="row_values" name="radae_produces_expected_values"/>
    <testcase time="0.162999999999997" classname="row_values" name="radae_produces_expected_values"/>
    <testcase time="0.397000000000002" classname="row_values" name="radaette_produces_expected_values"/>
    <testcase time="0.132999999999999" classname="row_values" name="radaette_produces_expected_values"/>
    <testcase time="0.289000000000001" classname="row_values" name="radcm_produces_expected_values"/>
    <testcase time="0.155999999999999" classname="row_values" name="radcm_produces_expected_values"/>
    <testcase time="0.190000000000001" classname="row_values" name="raddv_produces_expected_values"/>
    <testcase time="0.120999999999999" classname="row_values" name="raddv_produces_expected_values"/>
    <testcase time="0.754999999999999" classname="row_values" name="radeg_produces_expected_values"/>
    <testcase time="0.165000000000003" classname="row_values" name="radeg_produces_expected_values"/>
    <testcase time="0.689" classname="row_values" name="radex_produces_expected_values"/>
    <testcase time="0.155999999999999" classname="row_values" name="radex_produces_expected_values"/>
    <testcase time="0.288" classname="row_values" name="radhy_produces_expected_values"/>
    <testcase time="0.134999999999998" classname="row_values" name="radhy_produces_expected_values"/>
    <testcase time="0.734000000000002" classname="row_values" name="radlb_produces_expected_values"/>
    <testcase time="0.193000000000001" classname="row_values" name="radlb_produces_expected_values"/>
    <testcase time="0.373999999999999" classname="row_values" name="radmh_produces_expected_values"/>
    <testcase time="0.123999999999999" classname="row_values" name="radmh_produces_expected_values"/>
    <testcase time="0.146000000000001" classname="row_values" name="radpc_produces_expected_values"/>
    <testcase time="0.132999999999999" classname="row_values" name="radpc_produces_expected_values"/>
    <testcase time="0.143000000000001" classname="row_values" name="radab_produces_expected_values"/>
    <testcase time="0.0569999999999986" classname="row_values" name="radab_produces_expected_values"/>
    <testcase time="0.0620000000000012" classname="row_values" name="radpp_produces_expected_values"/>
    <testcase time="0.0300000000000011" classname="row_values" name="radpp_produces_expected_values"/>
    <testcase time="1.847" classname="row_values" name="radqlqc_produces_expected_values"/>
    <testcase time="0.107000000000003" classname="row_values" name="radqlqc_produces_expected_values"/>
    <testcase time="0.492999999999999" classname="row_values" name="radqs_produces_expected_values"/>
    <testcase time="0.140000000000001" classname="row_values" name="radqs_produces_expected_values"/>
    <testcase time="0.263999999999999" classname="row_values" name="radrs_produces_expected_values"/>
    <testcase time="0.128" classname="row_values" name="radrs_produces_expected_values"/>
    <testcase time="0.379999999999999" classname="row_values" name="radsaftte_produces_expected_values"/>
    <testcase time="0.128" classname="row_values" name="radsaftte_produces_expected_values"/>
    <testcase time="0.195" classname="row_values" name="radsub_produces_expected_values"/>
    <testcase time="0.128999999999998" classname="row_values" name="radsub_produces_expected_values"/>
    <testcase time="0.268000000000001" classname="row_values" name="radtr_produces_expected_values"/>
    <testcase time="0.0330000000000013" classname="row_values" name="radtr_produces_expected_values"/>
    <testcase time="0.359999999999999" classname="row_values" name="radtte_produces_expected_values"/>
    <testcase time="0.143000000000001" classname="row_values" name="radtte_produces_expected_values"/>
    <testcase time="0.672000000000004" classname="row_values" name="radvs_produces_expected_values"/>
    <testcase time="0.167999999999999" classname="row_values" name="radvs_produces_expected_values"/>
  </testsuite>
  <testsuite name="utils" timestamp="2025-07-16T14:15:52Z" hostname="bfbcc68cd758" tests="21" skipped="0" failures="0" errors="0" time="0.241">
    <testcase time="0.0240000000000009" classname="utils" name="get_cached_data_returns_correct_error_message"/>
    <testcase time="0.00599999999999312" classname="utils" name="sample_fct_works_as_expected"/>
    <testcase time="0.00600000000000023" classname="utils" name="relvar_init_works_as_expected"/>
    <testcase time="0.0180000000000007" classname="utils" name="relvar_init_returns_correct_error_message"/>
    <testcase time="0.00800000000000267" classname="utils" name="rel_var_works_as_expected"/>
    <testcase time="0.00300000000000011" classname="utils" name="rel_var_works_as_expected"/>
    <testcase time="0.0069999999999979" classname="utils" name="visit_schedule_works_with_WEEK_visit_format"/>
    <testcase time="0.007000000000005" classname="utils" name="visit_schedule_works_with_CycLe_visit_format"/>
    <testcase time="0.0899999999999963" classname="utils" name="retain_works_as_expected"/>
    <testcase time="0.00600000000000023" classname="utils" name="rcd_var_relabel_works_as_expected"/>
    <testcase time="0.0180000000000007" classname="utils" name="rcd_var_relabel_returns_correct_error_message"/>
    <testcase time="0.0069999999999979" classname="utils" name="replace_na_works_as_expected"/>
    <testcase time="0.00300000000000011" classname="utils" name="replace_na_works_as_expected"/>
    <testcase time="0.0110000000000028" classname="utils" name="mutate_na_works_as_expected"/>
    <testcase time="0.00300000000000011" classname="utils" name="mutate_na_works_as_expected"/>
    <testcase time="0.00300000000000011" classname="utils" name="mutate_na_works_as_expected"/>
    <testcase time="0.00199999999999534" classname="utils" name="mutate_na_works_as_expected"/>
    <testcase time="0.00600000000000023" classname="utils" name="rtpois_works_as_expected"/>
    <testcase time="0.007000000000005" classname="utils" name="rtexp_works_as_expected"/>
    <testcase time="0.00300000000000011" classname="utils" name="rtexp_works_as_expected"/>
    <testcase time="0.00300000000000011" classname="utils" name="rtexp_works_as_expected"/>
  </testsuite>
</testsuites>
