<?xml version="1.0" encoding="UTF-8"?>
<testsuites>
  <testsuite name="metadata" timestamp="2025-07-16T14:16:00Z" hostname="fd6554f0691d" tests="20" skipped="0" failures="0" errors="0" time="8.659">
    <testcase time="0.31" classname="metadata" name="metadata_matches_radsl"/>
    <testcase time="0.311" classname="metadata" name="metadata_matches_radab"/>
    <testcase time="0.376" classname="metadata" name="metadata_matches_radae"/>
    <testcase time="0.39" classname="metadata" name="metadata_matches_radaette"/>
    <testcase time="0.276" classname="metadata" name="metadata_matches_radcm"/>
    <testcase time="0.211" classname="metadata" name="metadata_matches_raddv"/>
    <testcase time="0.665" classname="metadata" name="metadata_matches_radeg"/>
    <testcase time="0.633" classname="metadata" name="metadata_matches_radex"/>
    <testcase time="0.263" classname="metadata" name="metadata_matches_radhy"/>
    <testcase time="0.625" classname="metadata" name="metadata_matches_radlb"/>
    <testcase time="0.303999999999999" classname="metadata" name="metadata_matches_radmh"/>
    <testcase time="0.19" classname="metadata" name="metadata_matches_radpc"/>
    <testcase time="0.175" classname="metadata" name="metadata_matches_radpp"/>
    <testcase time="1.717" classname="metadata" name="metadata_matches_radqlqc"/>
    <testcase time="0.464" classname="metadata" name="metadata_matches_radqs"/>
    <testcase time="0.308" classname="metadata" name="metadata_matches_radrs"/>
    <testcase time="0.209" classname="metadata" name="metadata_matches_radsub"/>
    <testcase time="0.414000000000001" classname="metadata" name="metadata_matches_radtr"/>
    <testcase time="0.289999999999999" classname="metadata" name="metadata_matches_radtte"/>
    <testcase time="0.528" classname="metadata" name="metadata_matches_radvs"/>
  </testsuite>
  <testsuite name="rdata" timestamp="2025-07-16T14:16:09Z" hostname="fd6554f0691d" tests="44" skipped="0" failures="0" errors="0" time="11.112">
    <testcase time="0.0990000000000002" classname="rdata" name="r_data_functions_work"/>
    <testcase time="0.218" classname="rdata" name="r_data_functions_work"/>
    <testcase time="0.222" classname="rdata" name="r_data_functions_work"/>
    <testcase time="0.132" classname="rdata" name="r_data_functions_work"/>
    <testcase time="0.0630000000000006" classname="rdata" name="r_data_functions_work"/>
    <testcase time="0.532999999999999" classname="rdata" name="r_data_functions_work"/>
    <testcase time="0.48" classname="rdata" name="r_data_functions_work"/>
    <testcase time="0.124000000000001" classname="rdata" name="r_data_functions_work"/>
    <testcase time="0.516" classname="rdata" name="r_data_functions_work"/>
    <testcase time="0.162999999999998" classname="rdata" name="r_data_functions_work"/>
    <testcase time="0.0380000000000003" classname="rdata" name="r_data_functions_work"/>
    <testcase time="0.0760000000000005" classname="rdata" name="r_data_functions_work"/>
    <testcase time="0.0289999999999999" classname="rdata" name="r_data_functions_work"/>
    <testcase time="1.678" classname="rdata" name="r_data_functions_work"/>
    <testcase time="0.337999999999999" classname="rdata" name="r_data_functions_work"/>
    <testcase time="0.145" classname="rdata" name="r_data_functions_work"/>
    <testcase time="0.235000000000001" classname="rdata" name="r_data_functions_work"/>
    <testcase time="0.0569999999999986" classname="rdata" name="r_data_functions_work"/>
    <testcase time="0.221" classname="rdata" name="r_data_functions_work"/>
    <testcase time="0.216000000000001" classname="rdata" name="r_data_functions_work"/>
    <testcase time="0.471" classname="rdata" name="r_data_functions_work"/>
    <testcase time="0.00899999999999856" classname="rdata" name="r_data_with_cached_TRUE"/>
    <testcase time="0.00500000000000078" classname="rdata" name="r_data_with_cached_TRUE"/>
    <testcase time="0.00500000000000078" classname="rdata" name="r_data_with_cached_TRUE"/>
    <testcase time="0.00599999999999845" classname="rdata" name="r_data_with_cached_TRUE"/>
    <testcase time="0.00200000000000067" classname="rdata" name="r_data_with_cached_TRUE"/>
    <testcase time="0.0220000000000002" classname="rdata" name="r_data_with_cached_TRUE"/>
    <testcase time="0.0120000000000005" classname="rdata" name="r_data_with_cached_TRUE"/>
    <testcase time="0.0239999999999991" classname="rdata" name="r_data_with_cached_TRUE"/>
    <testcase time="0.0169999999999995" classname="rdata" name="r_data_with_cached_TRUE"/>
    <testcase time="0.00400000000000134" classname="rdata" name="r_data_with_cached_TRUE"/>
    <testcase time="0.0119999999999987" classname="rdata" name="r_data_with_cached_TRUE"/>
    <testcase time="0.00100000000000122" classname="rdata" name="r_data_with_cached_TRUE"/>
    <testcase time="0.081999999999999" classname="rdata" name="r_data_with_cached_TRUE"/>
    <testcase time="0.0170000000000012" classname="rdata" name="r_data_with_cached_TRUE"/>
    <testcase time="0.00600000000000023" classname="rdata" name="r_data_with_cached_TRUE"/>
    <testcase time="0.00599999999999845" classname="rdata" name="r_data_with_cached_TRUE"/>
    <testcase time="0.00700000000000145" classname="rdata" name="r_data_with_cached_TRUE"/>
    <testcase time="0.00499999999999901" classname="rdata" name="r_data_with_cached_TRUE"/>
    <testcase time="0.0259999999999998" classname="rdata" name="r_data_with_cached_TRUE"/>
    <testcase time="0.155000000000001" classname="rdata" name="seed_works"/>
    <testcase time="1.218" classname="rdata" name="radsl_works_with_large_N"/>
    <testcase time="0.00700000000000145" classname="rdata" name="radsl_has_no_LSTALVDT_greater_than_DTHDT"/>
    <testcase time="3.41" classname="rdata" name="radcm_works_with_who_coding_TRUE"/>
  </testsuite>
  <testsuite name="row_values" timestamp="2025-07-16T14:16:20Z" hostname="fd6554f0691d" tests="21" skipped="21" failures="0" errors="0" time="8.747">
    <testcase time="0.393000000000001" classname="row_values" name="radsl_produces_expected_values">
      <skipped message="Reason: On CRAN ('test-row_values.R:9:3')"/>
    </testcase>
    <testcase time="0.398999999999997" classname="row_values" name="radae_produces_expected_values">
      <skipped message="Reason: On CRAN ('test-row_values.R:19:3')"/>
    </testcase>
    <testcase time="0.355" classname="row_values" name="radaette_produces_expected_values">
      <skipped message="Reason: On CRAN ('test-row_values.R:29:3')"/>
    </testcase>
    <testcase time="0.265000000000001" classname="row_values" name="radcm_produces_expected_values">
      <skipped message="Reason: On CRAN ('test-row_values.R:39:3')"/>
    </testcase>
    <testcase time="0.173999999999999" classname="row_values" name="raddv_produces_expected_values">
      <skipped message="Reason: On CRAN ('test-row_values.R:49:3')"/>
    </testcase>
    <testcase time="0.700000000000003" classname="row_values" name="radeg_produces_expected_values">
      <skipped message="Reason: On CRAN ('test-row_values.R:59:3')"/>
    </testcase>
    <testcase time="0.634999999999998" classname="row_values" name="radex_produces_expected_values">
      <skipped message="Reason: On CRAN ('test-row_values.R:69:3')"/>
    </testcase>
    <testcase time="0.260000000000002" classname="row_values" name="radhy_produces_expected_values">
      <skipped message="Reason: On CRAN ('test-row_values.R:79:3')"/>
    </testcase>
    <testcase time="0.689" classname="row_values" name="radlb_produces_expected_values">
      <skipped message="Reason: On CRAN ('test-row_values.R:89:3')"/>
    </testcase>
    <testcase time="0.274999999999999" classname="row_values" name="radmh_produces_expected_values">
      <skipped message="Reason: On CRAN ('test-row_values.R:99:3')"/>
    </testcase>
    <testcase time="0.141000000000002" classname="row_values" name="radpc_produces_expected_values">
      <skipped message="Reason: On CRAN ('test-row_values.R:107:3')"/>
    </testcase>
    <testcase time="0.130999999999997" classname="row_values" name="radab_produces_expected_values">
      <skipped message="Reason: On CRAN ('test-row_values.R:117:3')"/>
    </testcase>
    <testcase time="0.0630000000000024" classname="row_values" name="radpp_produces_expected_values">
      <skipped message="Reason: On CRAN ('test-row_values.R:127:3')"/>
    </testcase>
    <testcase time="1.866" classname="row_values" name="radqlqc_produces_expected_values">
      <skipped message="Reason: On CRAN ('test-row_values.R:137:3')"/>
    </testcase>
    <testcase time="0.465" classname="row_values" name="radqs_produces_expected_values">
      <skipped message="Reason: On CRAN ('test-row_values.R:147:3')"/>
    </testcase>
    <testcase time="0.256" classname="row_values" name="radrs_produces_expected_values">
      <skipped message="Reason: On CRAN ('test-row_values.R:157:3')"/>
    </testcase>
    <testcase time="0.338999999999999" classname="row_values" name="radsaftte_produces_expected_values">
      <skipped message="Reason: On CRAN ('test-row_values.R:167:3')"/>
    </testcase>
    <testcase time="0.165000000000003" classname="row_values" name="radsub_produces_expected_values">
      <skipped message="Reason: On CRAN ('test-row_values.R:177:3')"/>
    </testcase>
    <testcase time="0.230999999999998" classname="row_values" name="radtr_produces_expected_values">
      <skipped message="Reason: On CRAN ('test-row_values.R:187:3')"/>
    </testcase>
    <testcase time="0.324000000000002" classname="row_values" name="radtte_produces_expected_values">
      <skipped message="Reason: On CRAN ('test-row_values.R:197:3')"/>
    </testcase>
    <testcase time="0.620999999999999" classname="row_values" name="radvs_produces_expected_values">
      <skipped message="Reason: On CRAN ('test-row_values.R:207:3')"/>
    </testcase>
  </testsuite>
  <testsuite name="utils" timestamp="2025-07-16T14:16:29Z" hostname="fd6554f0691d" tests="21" skipped="0" failures="0" errors="0" time="0.236">
    <testcase time="0.0390000000000015" classname="utils" name="get_cached_data_returns_correct_error_message"/>
    <testcase time="0.0069999999999979" classname="utils" name="sample_fct_works_as_expected"/>
    <testcase time="0.00600000000000023" classname="utils" name="relvar_init_works_as_expected"/>
    <testcase time="0.00700000000000145" classname="utils" name="relvar_init_returns_correct_error_message"/>
    <testcase time="0.0069999999999979" classname="utils" name="rel_var_works_as_expected"/>
    <testcase time="0.00300000000000011" classname="utils" name="rel_var_works_as_expected"/>
    <testcase time="0.00700000000000145" classname="utils" name="visit_schedule_works_with_WEEK_visit_format"/>
    <testcase time="0.00600000000000023" classname="utils" name="visit_schedule_works_with_CycLe_visit_format"/>
    <testcase time="0.0949999999999989" classname="utils" name="retain_works_as_expected"/>
    <testcase time="0.00700000000000145" classname="utils" name="rcd_var_relabel_works_as_expected"/>
    <testcase time="0.0069999999999979" classname="utils" name="rcd_var_relabel_returns_correct_error_message"/>
    <testcase time="0.00600000000000023" classname="utils" name="replace_na_works_as_expected"/>
    <testcase time="0.00300000000000011" classname="utils" name="replace_na_works_as_expected"/>
    <testcase time="0.00900000000000034" classname="utils" name="mutate_na_works_as_expected"/>
    <testcase time="0.00300000000000011" classname="utils" name="mutate_na_works_as_expected"/>
    <testcase time="0.00300000000000011" classname="utils" name="mutate_na_works_as_expected"/>
    <testcase time="0.00199999999999889" classname="utils" name="mutate_na_works_as_expected"/>
    <testcase time="0.00600000000000023" classname="utils" name="rtpois_works_as_expected"/>
    <testcase time="0.00600000000000023" classname="utils" name="rtexp_works_as_expected"/>
    <testcase time="0.00400000000000134" classname="utils" name="rtexp_works_as_expected"/>
    <testcase time="0.00300000000000011" classname="utils" name="rtexp_works_as_expected"/>
  </testsuite>
</testsuites>
